This is pdfTeX, Version 3.141592653-2.6-1.40.22 (TeX Live 2021/Arch Linux) (preloaded format=pdflatex 2021.8.1)  31 AUG 2021 07:28
entering extended mode
 restricted \write18 enabled.
 %&-line parsing enabled.
**gvv_ramsey.tex
(./gvv_ramsey.tex
LaTeX2e <2020-10-01> patch level 4
L3 programming layer <2021-02-18>
(/usr/share/texmf-dist/tex/latex/IEEEtran/IEEEtran.cls
Document Class: IEEEtran 2015/08/26 V1.8b by Michael Shell
-- See the "IEEEtran_HOWTO" manual for usage information.
-- http://www.michaelshell.org/tex/ieeetran/
\@IEEEtrantmpdimenA=\dimen138
\@IEEEtrantmpdimenB=\dimen139
\@IEEEtrantmpdimenC=\dimen140
\@IEEEtrantmpcountA=\count179
\@IEEEtrantmpcountB=\count180
\@IEEEtrantmpcountC=\count181
\@IEEEtrantmptoksA=\toks15
LaTeX Font Info:    Trying to load font information for OT1+ptm on input line 5
03.
(/usr/share/texmf-dist/tex/latex/psnfss/ot1ptm.fd
File: ot1ptm.fd 2001/06/04 font definitions for OT1/ptm.
)
-- Using 8.5in x 11in (letter) paper.
-- Using PDF output.
\@IEEEnormalsizeunitybaselineskip=\dimen141
-- This is a 12 point document.
\CLASSINFOnormalsizebaselineskip=\dimen142
\CLASSINFOnormalsizeunitybaselineskip=\dimen143
\IEEEnormaljot=\dimen144
LaTeX Font Info:    Font shape `OT1/ptm/bx/n' in size <6> not available
(Font)              Font shape `OT1/ptm/b/n' tried instead on input line 1090.
LaTeX Font Info:    Font shape `OT1/ptm/bx/it' in size <6> not available
(Font)              Font shape `OT1/ptm/b/it' tried instead on input line 1090.

LaTeX Font Info:    Font shape `OT1/ptm/bx/n' in size <8> not available
(Font)              Font shape `OT1/ptm/b/n' tried instead on input line 1090.
LaTeX Font Info:    Font shape `OT1/ptm/bx/it' in size <8> not available
(Font)              Font shape `OT1/ptm/b/it' tried instead on input line 1090.

LaTeX Font Info:    Font shape `OT1/ptm/bx/n' in size <9> not available
(Font)              Font shape `OT1/ptm/b/n' tried instead on input line 1090.
LaTeX Font Info:    Font shape `OT1/ptm/bx/it' in size <9> not available
(Font)              Font shape `OT1/ptm/b/it' tried instead on input line 1090.

LaTeX Font Info:    Font shape `OT1/ptm/bx/n' in size <10> not available
(Font)              Font shape `OT1/ptm/b/n' tried instead on input line 1090.
LaTeX Font Info:    Font shape `OT1/ptm/bx/it' in size <10> not available
(Font)              Font shape `OT1/ptm/b/it' tried instead on input line 1090.

LaTeX Font Info:    Font shape `OT1/ptm/bx/n' in size <12> not available
(Font)              Font shape `OT1/ptm/b/n' tried instead on input line 1090.
LaTeX Font Info:    Font shape `OT1/ptm/bx/it' in size <12> not available
(Font)              Font shape `OT1/ptm/b/it' tried instead on input line 1090.

LaTeX Font Info:    Font shape `OT1/ptm/bx/n' in size <14> not available
(Font)              Font shape `OT1/ptm/b/n' tried instead on input line 1090.
LaTeX Font Info:    Font shape `OT1/ptm/bx/it' in size <14> not available
(Font)              Font shape `OT1/ptm/b/it' tried instead on input line 1090.

LaTeX Font Info:    Font shape `OT1/ptm/bx/n' in size <20> not available
(Font)              Font shape `OT1/ptm/b/n' tried instead on input line 1090.
LaTeX Font Info:    Font shape `OT1/ptm/bx/it' in size <20> not available
(Font)              Font shape `OT1/ptm/b/it' tried instead on input line 1090.

LaTeX Font Info:    Font shape `OT1/ptm/bx/n' in size <22> not available
(Font)              Font shape `OT1/ptm/b/n' tried instead on input line 1090.
LaTeX Font Info:    Font shape `OT1/ptm/bx/it' in size <22> not available
(Font)              Font shape `OT1/ptm/b/it' tried instead on input line 1090.

LaTeX Font Info:    Font shape `OT1/ptm/bx/n' in size <24> not available
(Font)              Font shape `OT1/ptm/b/n' tried instead on input line 1090.
LaTeX Font Info:    Font shape `OT1/ptm/bx/it' in size <24> not available
(Font)              Font shape `OT1/ptm/b/it' tried instead on input line 1090.

\IEEEquantizedlength=\dimen145
\IEEEquantizedlengthdiff=\dimen146
\IEEEquantizedtextheightdiff=\dimen147
\IEEEilabelindentA=\dimen148
\IEEEilabelindentB=\dimen149
\IEEEilabelindent=\dimen150
\IEEEelabelindent=\dimen151
\IEEEdlabelindent=\dimen152
\IEEElabelindent=\dimen153
\IEEEiednormlabelsep=\dimen154
\IEEEiedmathlabelsep=\dimen155
\IEEEiedtopsep=\skip47
\c@section=\count182
\c@subsection=\count183
\c@subsubsection=\count184
\c@paragraph=\count185
\c@IEEEsubequation=\count186
\abovecaptionskip=\skip48
\belowcaptionskip=\skip49
\c@figure=\count187
\c@table=\count188
\@IEEEeqnnumcols=\count189
\@IEEEeqncolcnt=\count190
\@IEEEsubeqnnumrollback=\count191
\@IEEEquantizeheightA=\dimen156
\@IEEEquantizeheightB=\dimen157
\@IEEEquantizeheightC=\dimen158
\@IEEEquantizeprevdepth=\dimen159
\@IEEEquantizemultiple=\count192
\@IEEEquantizeboxA=\box47
\@IEEEtmpitemindent=\dimen160
\IEEEPARstartletwidth=\dimen161
\c@IEEEbiography=\count193
\@IEEEtranrubishbin=\box48
) (/usr/share/texmf-dist/tex/latex/setspace/setspace.sty
Package: setspace 2011/12/19 v6.7a set line spacing
)
(/usr/share/texmf-dist/tex/latex/was/gensymb.sty
Package: gensymb 2003/07/02 v1.0 (WaS)
)
(/home/user/texmf/tex/latex/tmeslatex/amsmath.sty
Package: amsmath 2000/07/18 v2.13 AMS math features
\@mathmargin=\skip50

For additional information on amsmath, use the `?' option.
(/usr/share/texmf-dist/tex/latex/amsmath/amstext.sty
Package: amstext 2000/06/29 v2.01 AMS text

(/usr/share/texmf-dist/tex/latex/amsmath/amsgen.sty
File: amsgen.sty 1999/11/30 v2.0 generic functions
\@emptytoks=\toks16
\ex@=\dimen162
))
(/home/user/texmf/tex/latex/tmeslatex/amsbsy.sty
Package: amsbsy 1999/11/29 v1.2d
\pmbraise@=\dimen163
)
(/usr/share/texmf-dist/tex/latex/amsmath/amsopn.sty
Package: amsopn 2016/03/08 v2.02 operator names
)
\inf@bad=\count194
LaTeX Info: Redefining \tmspace on input line 145.
LaTeX Info: Redefining \frac on input line 211.
\uproot@=\count195
\leftroot@=\count196
LaTeX Info: Redefining \overline on input line 307.
\classnum@=\count197
\DOTSCASE@=\count198
LaTeX Info: Redefining \ldots on input line 379.
LaTeX Info: Redefining \dots on input line 382.
LaTeX Info: Redefining \cdots on input line 467.
\Mathstrutbox@=\box49
\strutbox@=\box50
\big@size=\dimen164
LaTeX Font Info:    Redeclaring font encoding OML on input line 567.
LaTeX Font Info:    Redeclaring font encoding OMS on input line 568.


Package amsmath Warning: Unable to redefine math accent \hat.


Package amsmath Warning: Unable to redefine math accent \check.


Package amsmath Warning: Unable to redefine math accent \tilde.


Package amsmath Warning: Unable to redefine math accent \acute.


Package amsmath Warning: Unable to redefine math accent \grave.


Package amsmath Warning: Unable to redefine math accent \dot.


Package amsmath Warning: Unable to redefine math accent \ddot.


Package amsmath Warning: Unable to redefine math accent \breve.


Package amsmath Warning: Unable to redefine math accent \bar.


Package amsmath Warning: Unable to redefine math accent \vec.


Package amsmath Warning: Unable to redefine math accent \mathring.

\macc@depth=\count199
\c@MaxMatrixCols=\count266
\dotsspace@=\muskip16
\c@parentequation=\count267
\dspbrk@lvl=\count268
\tag@help=\toks17
\row@=\count269
\column@=\count270
\maxfields@=\count271
\andhelp@=\toks18
\eqnshift@=\dimen165
\alignsep@=\dimen166
\tagshift@=\dimen167
\tagwidth@=\dimen168
\totwidth@=\dimen169
\lineht@=\dimen170
\@envbody=\toks19
\multlinegap=\skip51
\multlinetaggap=\skip52
\mathdisplay@stack=\toks20
LaTeX Info: Redefining \[ on input line 2666.
LaTeX Info: Redefining \] on input line 2667.
) (/usr/share/texmf-dist/tex/latex/amscls/amsthm.sty
Package: amsthm 2020/05/29 v2.20.6
\thm@style=\toks21
\thm@bodyfont=\toks22
\thm@headfont=\toks23
\thm@notefont=\toks24
\thm@headpunct=\toks25
\thm@preskip=\skip53
\thm@postskip=\skip54
\thm@headsep=\skip55
\dth@everypar=\toks26
)
(/usr/share/texmf-dist/tex/latex/jknapltx/mathrsfs.sty
Package: mathrsfs 1996/01/01 Math RSFS package v1.0 (jk)
\symrsfs=\mathgroup4
)
(/usr/share/texmf-dist/tex/latex/txfonts/txfonts.sty
Package: txfonts 2008/01/22 v3.2.1
LaTeX Font Info:    Redeclaring symbol font `operators' on input line 21.
LaTeX Font Info:    Overwriting symbol font `operators' in version `normal'
(Font)                  OT1/cmr/m/n --> OT1/txr/m/n on input line 21.
LaTeX Font Info:    Overwriting symbol font `operators' in version `bold'
(Font)                  OT1/cmr/bx/n --> OT1/txr/m/n on input line 21.
LaTeX Font Info:    Overwriting symbol font `operators' in version `bold'
(Font)                  OT1/txr/m/n --> OT1/txr/bx/n on input line 22.
\symitalic=\mathgroup5
LaTeX Font Info:    Overwriting symbol font `italic' in version `bold'
(Font)                  OT1/txr/m/it --> OT1/txr/bx/it on input line 26.
LaTeX Font Info:    Redeclaring math alphabet \mathbf on input line 29.
LaTeX Font Info:    Overwriting math alphabet `\mathbf' in version `normal'
(Font)                  OT1/cmr/bx/n --> OT1/txr/bx/n on input line 29.
LaTeX Font Info:    Overwriting math alphabet `\mathbf' in version `bold'
(Font)                  OT1/cmr/bx/n --> OT1/txr/bx/n on input line 29.
LaTeX Font Info:    Redeclaring math alphabet \mathit on input line 30.
LaTeX Font Info:    Overwriting math alphabet `\mathit' in version `normal'
(Font)                  OT1/cmr/m/it --> OT1/txr/m/it on input line 30.
LaTeX Font Info:    Overwriting math alphabet `\mathit' in version `bold'
(Font)                  OT1/cmr/bx/it --> OT1/txr/m/it on input line 30.
LaTeX Font Info:    Overwriting math alphabet `\mathit' in version `bold'
(Font)                  OT1/txr/m/it --> OT1/txr/bx/it on input line 31.
LaTeX Font Info:    Redeclaring math alphabet \mathsf on input line 40.
LaTeX Font Info:    Overwriting math alphabet `\mathsf' in version `normal'
(Font)                  OT1/cmss/m/n --> OT1/txss/m/n on input line 40.
LaTeX Font Info:    Overwriting math alphabet `\mathsf' in version `bold'
(Font)                  OT1/cmss/bx/n --> OT1/txss/m/n on input line 40.
LaTeX Font Info:    Overwriting math alphabet `\mathsf' in version `bold'
(Font)                  OT1/txss/m/n --> OT1/txss/b/n on input line 41.
LaTeX Font Info:    Redeclaring math alphabet \mathtt on input line 50.
LaTeX Font Info:    Overwriting math alphabet `\mathtt' in version `normal'
(Font)                  OT1/cmtt/m/n --> OT1/txtt/m/n on input line 50.
LaTeX Font Info:    Overwriting math alphabet `\mathtt' in version `bold'
(Font)                  OT1/cmtt/m/n --> OT1/txtt/m/n on input line 50.
LaTeX Font Info:    Overwriting math alphabet `\mathtt' in version `bold'
(Font)                  OT1/txtt/m/n --> OT1/txtt/b/n on input line 51.
LaTeX Font Info:    Redeclaring symbol font `letters' on input line 58.
LaTeX Font Info:    Overwriting symbol font `letters' in version `normal'
(Font)                  OML/cmm/m/it --> OML/txmi/m/it on input line 58.
LaTeX Font Info:    Overwriting symbol font `letters' in version `bold'
(Font)                  OML/cmm/b/it --> OML/txmi/m/it on input line 58.
LaTeX Font Info:    Overwriting symbol font `letters' in version `bold'
(Font)                  OML/txmi/m/it --> OML/txmi/bx/it on input line 59.
\symlettersA=\mathgroup6
LaTeX Font Info:    Overwriting symbol font `lettersA' in version `bold'
(Font)                  U/txmia/m/it --> U/txmia/bx/it on input line 67.
LaTeX Font Info:    Redeclaring symbol font `symbols' on input line 77.
LaTeX Font Info:    Overwriting symbol font `symbols' in version `normal'
(Font)                  OMS/cmsy/m/n --> OMS/txsy/m/n on input line 77.
LaTeX Font Info:    Overwriting symbol font `symbols' in version `bold'
(Font)                  OMS/cmsy/b/n --> OMS/txsy/m/n on input line 77.
LaTeX Font Info:    Overwriting symbol font `symbols' in version `bold'
(Font)                  OMS/txsy/m/n --> OMS/txsy/bx/n on input line 78.
\symAMSa=\mathgroup7
LaTeX Font Info:    Overwriting symbol font `AMSa' in version `bold'
(Font)                  U/txsya/m/n --> U/txsya/bx/n on input line 94.
\symAMSb=\mathgroup8
LaTeX Font Info:    Overwriting symbol font `AMSb' in version `bold'
(Font)                  U/txsyb/m/n --> U/txsyb/bx/n on input line 103.
\symsymbolsC=\mathgroup9
LaTeX Font Info:    Overwriting symbol font `symbolsC' in version `bold'
(Font)                  U/txsyc/m/n --> U/txsyc/bx/n on input line 113.
LaTeX Font Info:    Redeclaring symbol font `largesymbols' on input line 120.
LaTeX Font Info:    Overwriting symbol font `largesymbols' in version `normal'
(Font)                  OMX/cmex/m/n --> OMX/txex/m/n on input line 120.
LaTeX Font Info:    Overwriting symbol font `largesymbols' in version `bold'
(Font)                  OMX/cmex/m/n --> OMX/txex/m/n on input line 120.
LaTeX Font Info:    Overwriting symbol font `largesymbols' in version `bold'
(Font)                  OMX/txex/m/n --> OMX/txex/bx/n on input line 121.
\symlargesymbolsA=\mathgroup10
LaTeX Font Info:    Overwriting symbol font `largesymbolsA' in version `bold'
(Font)                  U/txexa/m/n --> U/txexa/bx/n on input line 129.
LaTeX Font Info:    Redeclaring math symbol \mathsterling on input line 164.
LaTeX Font Info:    Redeclaring math symbol \hbar on input line 591.
LaTeX Info: Redefining \not on input line 1043.
LaTeX Info: Redefining \textsquare on input line 1063.
LaTeX Info: Redefining \openbox on input line 1064.
)
(/usr/share/texmf-dist/tex/latex/sttools/stfloats.sty
Package: stfloats 2017/03/27 v3.3 Improve float mechanism and baselineskip sett
ings
\@dblbotnum=\count272
\c@dblbotnumber=\count273
)
(/usr/share/texmf-dist/tex/latex/cite/cite.sty
LaTeX Info: Redefining \cite on input line 302.
LaTeX Info: Redefining \nocite on input line 332.
Package: cite 2015/02/27  v 5.5
)
(/usr/share/texmf-dist/tex/latex/cases/cases.sty
Package: cases 2020/03/29 ver 3.2
\numc@numwid=\dimen171
)
(/home/user/texmf/tex/latex/tfslatex/subfig.sty
Package: subfig 2005/06/28 ver: 1.3 subfig package

(/usr/share/texmf-dist/tex/latex/graphics/keyval.sty
Package: keyval 2014/10/28 v1.15 key=value parser (DPC)
\KV@toks@=\toks27
)
(/usr/share/texmf-dist/tex/latex/caption/caption.sty
Package: caption 2020/10/26 v3.5g Customizing captions (AR)

(/usr/share/texmf-dist/tex/latex/caption/caption3.sty
Package: caption3 2020/10/21 v2.2e caption3 kernel (AR)
\captionmargin=\dimen172
\captionmargin@=\dimen173
\captionwidth=\dimen174
\caption@tempdima=\dimen175
\caption@indent=\dimen176
\caption@parindent=\dimen177
\caption@hangindent=\dimen178
Package caption Info: Unknown document class (or package),
(caption)             standard defaults will be used.
Package caption Info: \@makecaption = \long macro:#1#2->\ifx \@captype \@IEEEta
blestring \footnotesize \bgroup \par \centering \@IEEEtabletopskipstrut {\norma
lfont \footnotesize #1}\\{\normalfont \footnotesize \scshape #2}\par \addvspace
 {0.5\baselineskip }\egroup \@IEEEtablecaptionsepspace \else \@IEEEfigurecaptio
nsepspace \setbox \@tempboxa \hbox {\normalfont \footnotesize {#1.}\nobreakspac
e \nobreakspace #2}\ifdim \wd \@tempboxa >\hsize \setbox \@tempboxa \hbox {\nor
malfont \footnotesize {#1.}\nobreakspace \nobreakspace }\parbox [t]{\hsize }{\n
ormalfont \footnotesize \noindent \unhbox \@tempboxa #2}\else \ifCLASSOPTIONcon
ference \hbox to\hsize {\normalfont \footnotesize \hfil \box \@tempboxa \hfil }
\else \hbox to\hsize {\normalfont \footnotesize \box \@tempboxa \hfil }\fi \fi 
\fi  on input line 1139.
)

Package caption Warning: Unknown document class (or package),
(caption)                standard defaults will be used.
See the caption package documentation for explanation.

\c@caption@flags=\count274
\c@continuedfloat=\count275
)
\c@KVtest=\count276
\sf@farskip=\skip56
\sf@captopadj=\dimen179
\sf@capskip=\skip57
\sf@nearskip=\skip58
\c@subfigure=\count277
\c@subfigure@save=\count278
\c@lofdepth=\count279
\c@subtable=\count280
\c@subtable@save=\count281
\c@lotdepth=\count282
\sf@top=\skip59
\sf@bottom=\skip60
) (/usr/share/texmf-dist/tex/latex/tools/longtable.sty
Package: longtable 2020/01/07 v4.13 Multi-page Table package (DPC)
\LTleft=\skip61
\LTright=\skip62
\LTpre=\skip63
\LTpost=\skip64
\LTchunksize=\count283
\LTcapwidth=\dimen180
\LT@head=\box51
\LT@firsthead=\box52
\LT@foot=\box53
\LT@lastfoot=\box54
\LT@cols=\count284
\LT@rows=\count285
\c@LT@tables=\count286
\c@LT@chunks=\count287
\LT@p@ftn=\toks28
)
(/usr/share/texmf-dist/tex/latex/multirow/multirow.sty
Package: multirow 2021/03/15 v2.8 Span multiple rows of a table
\multirow@colwidth=\skip65
\multirow@cntb=\count288
\multirow@dima=\skip66
\bigstrutjot=\dimen181
)
(/usr/share/texmf-dist/tex/latex/enumitem/enumitem.sty
Package: enumitem 2019/06/20 v3.9 Customized lists
\labelindent=\skip67
\enit@outerparindent=\dimen182
\enit@toks=\toks29
\enit@inbox=\box55
\enit@count@id=\count289
\enitdp@description=\count290
)
(/usr/share/texmf-dist/tex/latex/mathtools/mathtools.sty
Package: mathtools 2021/03/18 v1.25 mathematical typesetting tools

(/usr/share/texmf-dist/tex/latex/tools/calc.sty
Package: calc 2017/05/25 v4.3 Infix arithmetic (KKT,FJ)
\calc@Acount=\count291
\calc@Bcount=\count292
\calc@Adimen=\dimen183
\calc@Bdimen=\dimen184
\calc@Askip=\skip68
\calc@Bskip=\skip69
LaTeX Info: Redefining \setlength on input line 80.
LaTeX Info: Redefining \addtolength on input line 81.
\calc@Ccount=\count293
\calc@Cskip=\skip70
)
(/usr/share/texmf-dist/tex/latex/mathtools/mhsetup.sty
Package: mhsetup 2021/03/18 v1.4 programming setup (MH)
)

LaTeX Warning: You have requested, on input line 117, version
               `2016/11/05' of package amsmath,
               but only version
               `2000/07/18 v2.13 AMS math features'
               is available.

LaTeX Info: Thecontrolsequence`\('isalreadyrobust on input line 130.
LaTeX Info: Thecontrolsequence`\)'isalreadyrobust on input line 130.
LaTeX Info: Thecontrolsequence`\['isalreadyrobust on input line 130.
LaTeX Info: Thecontrolsequence`\]'isalreadyrobust on input line 130.
\g_MT_multlinerow_int=\count294
\l_MT_multwidth_dim=\dimen185
\origjot=\skip71
\l_MT_shortvdotswithinadjustabove_dim=\dimen186
\l_MT_shortvdotswithinadjustbelow_dim=\dimen187
\l_MT_above_intertext_sep=\dimen188
\l_MT_below_intertext_sep=\dimen189
\l_MT_above_shortintertext_sep=\dimen190
\l_MT_below_shortintertext_sep=\dimen191
\xmathstrut@box=\box56
\xmathstrut@dim=\dimen192
) (/usr/share/texmf-dist/tex/latex/pgf/frontendlayer/tikz.sty
(/usr/share/texmf-dist/tex/latex/pgf/basiclayer/pgf.sty
(/usr/share/texmf-dist/tex/latex/pgf/utilities/pgfrcs.sty
(/usr/share/texmf-dist/tex/generic/pgf/utilities/pgfutil-common.tex
\pgfutil@everybye=\toks30
\pgfutil@tempdima=\dimen193
\pgfutil@tempdimb=\dimen194

(/usr/share/texmf-dist/tex/generic/pgf/utilities/pgfutil-common-lists.tex))
(/usr/share/texmf-dist/tex/generic/pgf/utilities/pgfutil-latex.def
\pgfutil@abb=\box57
)
(/usr/share/texmf-dist/tex/generic/pgf/utilities/pgfrcs.code.tex
(/usr/share/texmf-dist/tex/generic/pgf/pgf.revision.tex)
Package: pgfrcs 2020/12/27 v3.1.8b (3.1.8b)
))
Package: pgf 2020/12/27 v3.1.8b (3.1.8b)

(/usr/share/texmf-dist/tex/latex/pgf/basiclayer/pgfcore.sty
(/home/user/texmf/tex/latex/tmeslatex/graphicx.sty
Package: graphicx 1999/02/16 v1.0f Enhanced LaTeX Graphics (DPC,SPQR)

(/usr/share/texmf-dist/tex/latex/graphics/graphics.sty
Package: graphics 2020/08/30 v1.4c Standard LaTeX Graphics (DPC,SPQR)

(/usr/share/texmf-dist/tex/latex/graphics/trig.sty
Package: trig 2016/01/03 v1.10 sin cos tan (DPC)
)
(/usr/share/texmf-dist/tex/latex/graphics-cfg/graphics.cfg
File: graphics.cfg 2016/06/04 v1.11 sample graphics configuration
)
Package graphics Info: Driver file: pdftex.def on input line 105.

(/usr/share/texmf-dist/tex/latex/graphics-def/pdftex.def
File: pdftex.def 2020/10/05 v1.2a Graphics/color driver for pdftex
))
\Gin@req@height=\dimen195
\Gin@req@width=\dimen196
)
(/usr/share/texmf-dist/tex/latex/pgf/systemlayer/pgfsys.sty
(/usr/share/texmf-dist/tex/generic/pgf/systemlayer/pgfsys.code.tex
Package: pgfsys 2020/12/27 v3.1.8b (3.1.8b)

(/usr/share/texmf-dist/tex/generic/pgf/utilities/pgfkeys.code.tex
\pgfkeys@pathtoks=\toks31
\pgfkeys@temptoks=\toks32

(/usr/share/texmf-dist/tex/generic/pgf/utilities/pgfkeysfiltered.code.tex
\pgfkeys@tmptoks=\toks33
))
\pgf@x=\dimen197
\pgf@y=\dimen198
\pgf@xa=\dimen199
\pgf@ya=\dimen256
\pgf@xb=\dimen257
\pgf@yb=\dimen258
\pgf@xc=\dimen259
\pgf@yc=\dimen260
\pgf@xd=\dimen261
\pgf@yd=\dimen262
\w@pgf@writea=\write3
\r@pgf@reada=\read2
\c@pgf@counta=\count295
\c@pgf@countb=\count296
\c@pgf@countc=\count297
\c@pgf@countd=\count298
\t@pgf@toka=\toks34
\t@pgf@tokb=\toks35
\t@pgf@tokc=\toks36
\pgf@sys@id@count=\count299

(/usr/share/texmf-dist/tex/generic/pgf/systemlayer/pgf.cfg
File: pgf.cfg 2020/12/27 v3.1.8b (3.1.8b)
)
Driver file for pgf: pgfsys-pdftex.def

(/usr/share/texmf-dist/tex/generic/pgf/systemlayer/pgfsys-pdftex.def
File: pgfsys-pdftex.def 2020/12/27 v3.1.8b (3.1.8b)

(/usr/share/texmf-dist/tex/generic/pgf/systemlayer/pgfsys-common-pdf.def
File: pgfsys-common-pdf.def 2020/12/27 v3.1.8b (3.1.8b)
)))
(/usr/share/texmf-dist/tex/generic/pgf/systemlayer/pgfsyssoftpath.code.tex
File: pgfsyssoftpath.code.tex 2020/12/27 v3.1.8b (3.1.8b)
\pgfsyssoftpath@smallbuffer@items=\count300
\pgfsyssoftpath@bigbuffer@items=\count301
)
(/usr/share/texmf-dist/tex/generic/pgf/systemlayer/pgfsysprotocol.code.tex
File: pgfsysprotocol.code.tex 2020/12/27 v3.1.8b (3.1.8b)
))
(/usr/share/texmf-dist/tex/latex/xcolor/xcolor.sty
Package: xcolor 2016/05/11 v2.12 LaTeX color extensions (UK)

(/usr/share/texmf-dist/tex/latex/graphics-cfg/color.cfg
File: color.cfg 2016/01/02 v1.6 sample color configuration
)
Package xcolor Info: Driver file: pdftex.def on input line 225.
Package xcolor Info: Model `cmy' substituted by `cmy0' on input line 1348.
Package xcolor Info: Model `hsb' substituted by `rgb' on input line 1352.
Package xcolor Info: Model `RGB' extended on input line 1364.
Package xcolor Info: Model `HTML' substituted by `rgb' on input line 1366.
Package xcolor Info: Model `Hsb' substituted by `hsb' on input line 1367.
Package xcolor Info: Model `tHsb' substituted by `hsb' on input line 1368.
Package xcolor Info: Model `HSB' substituted by `hsb' on input line 1369.
Package xcolor Info: Model `Gray' substituted by `gray' on input line 1370.
Package xcolor Info: Model `wave' substituted by `hsb' on input line 1371.
)
(/usr/share/texmf-dist/tex/generic/pgf/basiclayer/pgfcore.code.tex
Package: pgfcore 2020/12/27 v3.1.8b (3.1.8b)

(/usr/share/texmf-dist/tex/generic/pgf/math/pgfmath.code.tex
(/usr/share/texmf-dist/tex/generic/pgf/math/pgfmathcalc.code.tex
(/usr/share/texmf-dist/tex/generic/pgf/math/pgfmathutil.code.tex)
(/usr/share/texmf-dist/tex/generic/pgf/math/pgfmathparser.code.tex
\pgfmath@dimen=\dimen263
\pgfmath@count=\count302
\pgfmath@box=\box58
\pgfmath@toks=\toks37
\pgfmath@stack@operand=\toks38
\pgfmath@stack@operation=\toks39
)
(/usr/share/texmf-dist/tex/generic/pgf/math/pgfmathfunctions.code.tex
(/usr/share/texmf-dist/tex/generic/pgf/math/pgfmathfunctions.basic.code.tex)
(/usr/share/texmf-dist/tex/generic/pgf/math/pgfmathfunctions.trigonometric.code
.tex)
(/usr/share/texmf-dist/tex/generic/pgf/math/pgfmathfunctions.random.code.tex)
(/usr/share/texmf-dist/tex/generic/pgf/math/pgfmathfunctions.comparison.code.te
x) (/usr/share/texmf-dist/tex/generic/pgf/math/pgfmathfunctions.base.code.tex)
(/usr/share/texmf-dist/tex/generic/pgf/math/pgfmathfunctions.round.code.tex)
(/usr/share/texmf-dist/tex/generic/pgf/math/pgfmathfunctions.misc.code.tex)
(/usr/share/texmf-dist/tex/generic/pgf/math/pgfmathfunctions.integerarithmetics
.code.tex))) (/usr/share/texmf-dist/tex/generic/pgf/math/pgfmathfloat.code.tex
\c@pgfmathroundto@lastzeros=\count303
)) (/usr/share/texmf-dist/tex/generic/pgf/math/pgfint.code.tex)
(/usr/share/texmf-dist/tex/generic/pgf/basiclayer/pgfcorepoints.code.tex
File: pgfcorepoints.code.tex 2020/12/27 v3.1.8b (3.1.8b)
\pgf@picminx=\dimen264
\pgf@picmaxx=\dimen265
\pgf@picminy=\dimen266
\pgf@picmaxy=\dimen267
\pgf@pathminx=\dimen268
\pgf@pathmaxx=\dimen269
\pgf@pathminy=\dimen270
\pgf@pathmaxy=\dimen271
\pgf@xx=\dimen272
\pgf@xy=\dimen273
\pgf@yx=\dimen274
\pgf@yy=\dimen275
\pgf@zx=\dimen276
\pgf@zy=\dimen277
)
(/usr/share/texmf-dist/tex/generic/pgf/basiclayer/pgfcorepathconstruct.code.tex
File: pgfcorepathconstruct.code.tex 2020/12/27 v3.1.8b (3.1.8b)
\pgf@path@lastx=\dimen278
\pgf@path@lasty=\dimen279
) (/usr/share/texmf-dist/tex/generic/pgf/basiclayer/pgfcorepathusage.code.tex
File: pgfcorepathusage.code.tex 2020/12/27 v3.1.8b (3.1.8b)
\pgf@shorten@end@additional=\dimen280
\pgf@shorten@start@additional=\dimen281
)
(/usr/share/texmf-dist/tex/generic/pgf/basiclayer/pgfcorescopes.code.tex
File: pgfcorescopes.code.tex 2020/12/27 v3.1.8b (3.1.8b)
\pgfpic=\box59
\pgf@hbox=\box60
\pgf@layerbox@main=\box61
\pgf@picture@serial@count=\count304
)
(/usr/share/texmf-dist/tex/generic/pgf/basiclayer/pgfcoregraphicstate.code.tex
File: pgfcoregraphicstate.code.tex 2020/12/27 v3.1.8b (3.1.8b)
\pgflinewidth=\dimen282
)
(/usr/share/texmf-dist/tex/generic/pgf/basiclayer/pgfcoretransformations.code.t
ex
File: pgfcoretransformations.code.tex 2020/12/27 v3.1.8b (3.1.8b)
\pgf@pt@x=\dimen283
\pgf@pt@y=\dimen284
\pgf@pt@temp=\dimen285
) (/usr/share/texmf-dist/tex/generic/pgf/basiclayer/pgfcorequick.code.tex
File: pgfcorequick.code.tex 2020/12/27 v3.1.8b (3.1.8b)
)
(/usr/share/texmf-dist/tex/generic/pgf/basiclayer/pgfcoreobjects.code.tex
File: pgfcoreobjects.code.tex 2020/12/27 v3.1.8b (3.1.8b)
)
(/usr/share/texmf-dist/tex/generic/pgf/basiclayer/pgfcorepathprocessing.code.te
x
File: pgfcorepathprocessing.code.tex 2020/12/27 v3.1.8b (3.1.8b)
) (/usr/share/texmf-dist/tex/generic/pgf/basiclayer/pgfcorearrows.code.tex
File: pgfcorearrows.code.tex 2020/12/27 v3.1.8b (3.1.8b)
\pgfarrowsep=\dimen286
)
(/usr/share/texmf-dist/tex/generic/pgf/basiclayer/pgfcoreshade.code.tex
File: pgfcoreshade.code.tex 2020/12/27 v3.1.8b (3.1.8b)
\pgf@max=\dimen287
\pgf@sys@shading@range@num=\count305
\pgf@shadingcount=\count306
)
(/usr/share/texmf-dist/tex/generic/pgf/basiclayer/pgfcoreimage.code.tex
File: pgfcoreimage.code.tex 2020/12/27 v3.1.8b (3.1.8b)

(/usr/share/texmf-dist/tex/generic/pgf/basiclayer/pgfcoreexternal.code.tex
File: pgfcoreexternal.code.tex 2020/12/27 v3.1.8b (3.1.8b)
\pgfexternal@startupbox=\box62
))
(/usr/share/texmf-dist/tex/generic/pgf/basiclayer/pgfcorelayers.code.tex
File: pgfcorelayers.code.tex 2020/12/27 v3.1.8b (3.1.8b)
)
(/usr/share/texmf-dist/tex/generic/pgf/basiclayer/pgfcoretransparency.code.tex
File: pgfcoretransparency.code.tex 2020/12/27 v3.1.8b (3.1.8b)
) (/usr/share/texmf-dist/tex/generic/pgf/basiclayer/pgfcorepatterns.code.tex
File: pgfcorepatterns.code.tex 2020/12/27 v3.1.8b (3.1.8b)
)
(/usr/share/texmf-dist/tex/generic/pgf/basiclayer/pgfcorerdf.code.tex
File: pgfcorerdf.code.tex 2020/12/27 v3.1.8b (3.1.8b)
)))
(/usr/share/texmf-dist/tex/generic/pgf/modules/pgfmoduleshapes.code.tex
File: pgfmoduleshapes.code.tex 2020/12/27 v3.1.8b (3.1.8b)
\pgfnodeparttextbox=\box63
)
(/usr/share/texmf-dist/tex/generic/pgf/modules/pgfmoduleplot.code.tex
File: pgfmoduleplot.code.tex 2020/12/27 v3.1.8b (3.1.8b)
)
(/usr/share/texmf-dist/tex/latex/pgf/compatibility/pgfcomp-version-0-65.sty
Package: pgfcomp-version-0-65 2020/12/27 v3.1.8b (3.1.8b)
\pgf@nodesepstart=\dimen288
\pgf@nodesepend=\dimen289
)
(/usr/share/texmf-dist/tex/latex/pgf/compatibility/pgfcomp-version-1-18.sty
Package: pgfcomp-version-1-18 2020/12/27 v3.1.8b (3.1.8b)
))
(/usr/share/texmf-dist/tex/latex/pgf/utilities/pgffor.sty
(/usr/share/texmf-dist/tex/latex/pgf/utilities/pgfkeys.sty
(/usr/share/texmf-dist/tex/generic/pgf/utilities/pgfkeys.code.tex))
(/usr/share/texmf-dist/tex/latex/pgf/math/pgfmath.sty
(/usr/share/texmf-dist/tex/generic/pgf/math/pgfmath.code.tex))
(/usr/share/texmf-dist/tex/generic/pgf/utilities/pgffor.code.tex
Package: pgffor 2020/12/27 v3.1.8b (3.1.8b)

(/usr/share/texmf-dist/tex/generic/pgf/math/pgfmath.code.tex)
\pgffor@iter=\dimen290
\pgffor@skip=\dimen291
\pgffor@stack=\toks40
\pgffor@toks=\toks41
))
(/usr/share/texmf-dist/tex/generic/pgf/frontendlayer/tikz/tikz.code.tex
Package: tikz 2020/12/27 v3.1.8b (3.1.8b)

(/usr/share/texmf-dist/tex/generic/pgf/libraries/pgflibraryplothandlers.code.te
x
File: pgflibraryplothandlers.code.tex 2020/12/27 v3.1.8b (3.1.8b)
\pgf@plot@mark@count=\count307
\pgfplotmarksize=\dimen292
)
\tikz@lastx=\dimen293
\tikz@lasty=\dimen294
\tikz@lastxsaved=\dimen295
\tikz@lastysaved=\dimen296
\tikz@lastmovetox=\dimen297
\tikz@lastmovetoy=\dimen298
\tikzleveldistance=\dimen299
\tikzsiblingdistance=\dimen300
\tikz@figbox=\box64
\tikz@figbox@bg=\box65
\tikz@tempbox=\box66
\tikz@tempbox@bg=\box67
\tikztreelevel=\count308
\tikznumberofchildren=\count309
\tikznumberofcurrentchild=\count310
\tikz@fig@count=\count311
 (/usr/share/texmf-dist/tex/generic/pgf/modules/pgfmodulematrix.code.tex
File: pgfmodulematrix.code.tex 2020/12/27 v3.1.8b (3.1.8b)
\pgfmatrixcurrentrow=\count312
\pgfmatrixcurrentcolumn=\count313
\pgf@matrix@numberofcolumns=\count314
)
\tikz@expandcount=\count315

(/usr/share/texmf-dist/tex/generic/pgf/frontendlayer/tikz/libraries/tikzlibrary
topaths.code.tex
File: tikzlibrarytopaths.code.tex 2020/12/27 v3.1.8b (3.1.8b)
))) (/usr/share/texmf-dist/tex/latex/circuitikz/circuitikz.sty
Package: circuitikz 2021/03/14{} The CircuiTikz circuit drawing package version
 1.3.2

(/usr/share/texmf-dist/tex/generic/pgf/frontendlayer/tikz/libraries/tikzlibrary
calc.code.tex
File: tikzlibrarycalc.code.tex 2020/12/27 v3.1.8b (3.1.8b)
)
(/usr/share/texmf-dist/tex/generic/pgf/libraries/pgflibraryarrows.meta.code.tex
File: pgflibraryarrows.meta.code.tex 2020/12/27 v3.1.8b (3.1.8b)
\pgfarrowinset=\dimen301
\pgfarrowlength=\dimen302
\pgfarrowwidth=\dimen303
\pgfarrowlinewidth=\dimen304
)
(/usr/share/texmf-dist/tex/generic/pgf/frontendlayer/tikz/libraries/tikzlibrary
bending.code.tex
File: tikzlibrarybending.code.tex 2020/12/27 v3.1.8b (3.1.8b)

(/usr/share/texmf-dist/tex/generic/pgf/modules/pgfmodulebending.code.tex
File: pgfmodulebending.code.tex 2020/12/27 v3.1.8b (3.1.8b)

(/usr/share/texmf-dist/tex/generic/pgf/modules/pgfmodulenonlineartransformation
s.code.tex
File: pgfmodulenonlineartransformations.code.tex 2020/12/27 v3.1.8b (3.1.8b)
\pgftransformnonlinearflatness=\dimen305
)
(/usr/share/texmf-dist/tex/generic/pgf/libraries/pgflibrarycurvilinear.code.tex
File: pgflibrarycurvilinear.code.tex 2020/12/27 v3.1.8b (3.1.8b)
\pgf@curvilinear@time@a=\dimen306
\pgf@curvilinear@length@a=\dimen307
\pgf@curvilinear@length@b=\dimen308
\pgf@curvilinear@length@c=\dimen309
\pgf@curvilinear@length@d=\dimen310
)
\pgf@arrows@the@rigidity=\dimen311
))
(/usr/share/texmf-dist/tex/generic/pgf/frontendlayer/tikz/libraries/tikzlibrary
fpu.code.tex
(/usr/share/texmf-dist/tex/generic/pgf/libraries/pgflibraryfpu.code.tex))
(/usr/share/texmf-dist/tex/generic/circuitikz/pgfcirc.defines.tex
\pgf@circ@count@a=\count316
\pgf@circ@count@b=\count317
\pgf@circ@count@c=\count318
\pgf@circ@res@up=\dimen312
\pgf@circ@res@down=\dimen313
\pgf@circ@res@zero=\dimen314
\pgf@circ@res@left=\dimen315
\pgf@circ@res@right=\dimen316
\pgf@circ@res@other=\dimen317
\pgf@circ@res@step=\dimen318
\pgf@circ@res@temp=\dimen319
\pgf@circ@Rlen=\dimen320
\pgf@circ@scaled@Rlen=\dimen321
\pgfstartlinewidth=\dimen322
)
(/usr/share/texmf-dist/tex/generic/circuitikz/pgfcircutils.tex)
(/usr/share/texmf-dist/tex/generic/circuitikz/pgfcircpath.tex)
(/usr/share/texmf-dist/tex/generic/circuitikz/pgfcircshapes.tex)
(/usr/share/texmf-dist/tex/generic/circuitikz/pgfcircmonopoles.tex)
(/usr/share/texmf-dist/tex/generic/circuitikz/pgfcircbipoles.tex)
(/usr/share/texmf-dist/tex/generic/circuitikz/pgfcirctripoles.tex
\pgf@circ@res@count=\count319
)
(/usr/share/texmf-dist/tex/generic/circuitikz/pgfcircquadpoles.tex)
(/usr/share/texmf-dist/tex/generic/circuitikz/pgfcircmultipoles.tex)
(/usr/share/texmf-dist/tex/generic/circuitikz/pgfcirclabel.tex)
(/usr/share/texmf-dist/tex/generic/circuitikz/pgfcircvoltage.tex
\pgfcirc@labelshift=\dimen323
)
(/usr/share/texmf-dist/tex/generic/circuitikz/pgfcirccurrent.tex)
(/usr/share/texmf-dist/tex/generic/circuitikz/pgfcircflow.tex))
(/usr/share/texmf-dist/tex/latex/tools/verbatim.sty
Package: verbatim 2020-07-07 v1.5u LaTeX2e package for verbatim enhancements
\every@verbatim=\toks42
\verbatim@line=\toks43
\verbatim@in@stream=\read3
)
(/usr/share/texmf-dist/tex/latex/hyperref/hyperref.sty
Package: hyperref 2021-02-27 v7.00k Hypertext links for LaTeX

(/usr/share/texmf-dist/tex/generic/ltxcmds/ltxcmds.sty
Package: ltxcmds 2020-05-10 v1.25 LaTeX kernel commands for general use (HO)
)
(/usr/share/texmf-dist/tex/generic/iftex/iftex.sty
Package: iftex 2020/03/06 v1.0d TeX engine tests
)
(/usr/share/texmf-dist/tex/generic/pdftexcmds/pdftexcmds.sty
Package: pdftexcmds 2020-06-27 v0.33 Utility functions of pdfTeX for LuaTeX (HO
)

(/usr/share/texmf-dist/tex/generic/infwarerr/infwarerr.sty
Package: infwarerr 2019/12/03 v1.5 Providing info/warning/error messages (HO)
)
Package pdftexcmds Info: \pdf@primitive is available.
Package pdftexcmds Info: \pdf@ifprimitive is available.
Package pdftexcmds Info: \pdfdraftmode found.
)
(/usr/share/texmf-dist/tex/generic/kvsetkeys/kvsetkeys.sty
Package: kvsetkeys 2019/12/15 v1.18 Key value parser (HO)
)
(/usr/share/texmf-dist/tex/generic/kvdefinekeys/kvdefinekeys.sty
Package: kvdefinekeys 2019-12-19 v1.6 Define keys (HO)
)
(/usr/share/texmf-dist/tex/generic/pdfescape/pdfescape.sty
Package: pdfescape 2019/12/09 v1.15 Implements pdfTeX's escape features (HO)
)
(/usr/share/texmf-dist/tex/latex/hycolor/hycolor.sty
Package: hycolor 2020-01-27 v1.10 Color options for hyperref/bookmark (HO)
)
(/usr/share/texmf-dist/tex/latex/letltxmacro/letltxmacro.sty
Package: letltxmacro 2019/12/03 v1.6 Let assignment for LaTeX macros (HO)
)
(/usr/share/texmf-dist/tex/latex/auxhook/auxhook.sty
Package: auxhook 2019-12-17 v1.6 Hooks for auxiliary files (HO)
)
(/usr/share/texmf-dist/tex/latex/kvoptions/kvoptions.sty
Package: kvoptions 2020-10-07 v3.14 Key value format for package options (HO)
)
\@linkdim=\dimen324
\Hy@linkcounter=\count320
\Hy@pagecounter=\count321

(/usr/share/texmf-dist/tex/latex/hyperref/pd1enc.def
File: pd1enc.def 2021-02-27 v7.00k Hyperref: PDFDocEncoding definition (HO)
Now handling font encoding PD1 ...
... no UTF-8 mapping file for font encoding PD1
)
(/usr/share/texmf-dist/tex/latex/hyperref/hyperref-langpatches.def
File: hyperref-langpatches.def 2021-02-27 v7.00k Hyperref: patches for babel la
nguages
)
(/usr/share/texmf-dist/tex/generic/intcalc/intcalc.sty
Package: intcalc 2019/12/15 v1.3 Expandable calculations with integers (HO)
)
(/usr/share/texmf-dist/tex/generic/etexcmds/etexcmds.sty
Package: etexcmds 2019/12/15 v1.7 Avoid name clashes with e-TeX commands (HO)
)
\Hy@SavedSpaceFactor=\count322

(/usr/share/texmf-dist/tex/latex/hyperref/puenc.def
File: puenc.def 2021-02-27 v7.00k Hyperref: PDF Unicode definition (HO)
Now handling font encoding PU ...
... no UTF-8 mapping file for font encoding PU
)
Package hyperref Info: Hyper figures OFF on input line 4192.
Package hyperref Info: Link nesting OFF on input line 4197.
Package hyperref Info: Hyper index ON on input line 4200.
Package hyperref Info: Plain pages OFF on input line 4207.
Package hyperref Info: Backreferencing OFF on input line 4212.
Package hyperref Info: Implicit mode ON; LaTeX internals redefined.
Package hyperref Info: Bookmarks ON on input line 4445.
\c@Hy@tempcnt=\count323

(/usr/share/texmf-dist/tex/latex/url/url.sty
\Urlmuskip=\muskip17
Package: url 2013/09/16  ver 3.4  Verb mode for urls, etc.
)
LaTeX Info: Redefining \url on input line 4804.
\XeTeXLinkMargin=\dimen325

(/usr/share/texmf-dist/tex/generic/bitset/bitset.sty
Package: bitset 2019/12/09 v1.3 Handle bit-vector datatype (HO)

(/usr/share/texmf-dist/tex/generic/bigintcalc/bigintcalc.sty
Package: bigintcalc 2019/12/15 v1.5 Expandable calculations on big integers (HO
)
))
\Fld@menulength=\count324
\Field@Width=\dimen326
\Fld@charsize=\dimen327
Package hyperref Info: Hyper figures OFF on input line 6075.
Package hyperref Info: Link nesting OFF on input line 6080.
Package hyperref Info: Hyper index ON on input line 6083.
Package hyperref Info: backreferencing OFF on input line 6090.
Package hyperref Info: Link coloring OFF on input line 6095.
Package hyperref Info: Link coloring with OCG OFF on input line 6100.
Package hyperref Info: PDF/A mode OFF on input line 6105.
LaTeX Info: Redefining \ref on input line 6145.
LaTeX Info: Redefining \pageref on input line 6149.

(/usr/share/texmf-dist/tex/latex/base/atbegshi-ltx.sty
Package: atbegshi-ltx 2020/08/17 v1.0a Emulation of the original atbegshi packa
ge
with kernel methods
)
\Hy@abspage=\count325
\c@Item=\count326
\c@Hfootnote=\count327
)
Package hyperref Info: Driver (autodetected): hpdftex.

(/usr/share/texmf-dist/tex/latex/hyperref/hpdftex.def
File: hpdftex.def 2021-02-27 v7.00k Hyperref driver for pdfTeX

(/usr/share/texmf-dist/tex/latex/base/atveryend-ltx.sty
Package: atveryend-ltx 2020/08/19 v1.0a Emulation of the original atvery packag
e
with kernel methods
)
\Fld@listcount=\count328
\c@bookmark@seq@number=\count329

(/usr/share/texmf-dist/tex/latex/rerunfilecheck/rerunfilecheck.sty
Package: rerunfilecheck 2019/12/05 v1.9 Rerun checks for auxiliary files (HO)

(/usr/share/texmf-dist/tex/generic/uniquecounter/uniquecounter.sty
Package: uniquecounter 2019/12/15 v1.4 Provide unlimited unique counter (HO)
)
Package uniquecounter Info: New unique counter `rerunfilecheck' on input line 2
86.
)
\Hy@SectionHShift=\skip72
)
(/usr/share/texmf-dist/tex/latex/tkz-euclide/tkz-euclide.sty
2020/03/18 3.06c tkz-euclide.sty
Package: tkz-euclide 2020/03/18 3.06c for euclidan geometry 
(/usr/share/texmf-dist/tex/latex/tkz-base/tkz-base.sty
2020/03/18 3.06c tkz-base.sty
Package: tkz-base 2020/03/18 3.06c tkz-base

(/usr/share/texmf-dist/tex/generic/pgf/frontendlayer/tikz/libraries/tikzlibrary
angles.code.tex
File: tikzlibraryangles.code.tex 2020/12/27 v3.1.8b (3.1.8b)
)
(/usr/share/texmf-dist/tex/generic/pgf/frontendlayer/tikz/libraries/tikzlibrary
arrows.code.tex
File: tikzlibraryarrows.code.tex 2020/12/27 v3.1.8b (3.1.8b)

(/usr/share/texmf-dist/tex/generic/pgf/libraries/pgflibraryarrows.code.tex
File: pgflibraryarrows.code.tex 2020/12/27 v3.1.8b (3.1.8b)
\arrowsize=\dimen328
))
(/usr/share/texmf-dist/tex/generic/pgf/frontendlayer/tikz/libraries/tikzlibrary
babel.code.tex
File: tikzlibrarybabel.code.tex 2020/12/27 v3.1.8b (3.1.8b)
)
(/usr/share/texmf-dist/tex/generic/pgf/frontendlayer/tikz/libraries/tikzlibrary
decorations.code.tex
(/usr/share/texmf-dist/tex/generic/pgf/modules/pgfmoduledecorations.code.tex
\pgfdecoratedcompleteddistance=\dimen329
\pgfdecoratedremainingdistance=\dimen330
\pgfdecoratedinputsegmentcompleteddistance=\dimen331
\pgfdecoratedinputsegmentremainingdistance=\dimen332
\pgf@decorate@distancetomove=\dimen333
\pgf@decorate@repeatstate=\count330
\pgfdecorationsegmentamplitude=\dimen334
\pgfdecorationsegmentlength=\dimen335
)
\tikz@lib@dec@box=\box68
)
(/usr/share/texmf-dist/tex/generic/pgf/frontendlayer/tikz/libraries/tikzlibrary
decorations.markings.code.tex
(/usr/share/texmf-dist/tex/generic/pgf/libraries/decorations/pgflibrarydecorati
ons.markings.code.tex))
(/usr/share/texmf-dist/tex/generic/pgf/frontendlayer/tikz/libraries/tikzlibrary
decorations.pathreplacing.code.tex
(/usr/share/texmf-dist/tex/generic/pgf/libraries/decorations/pgflibrarydecorati
ons.pathreplacing.code.tex))
(/usr/share/texmf-dist/tex/generic/pgf/frontendlayer/tikz/libraries/tikzlibrary
decorations.shapes.code.tex
(/usr/share/texmf-dist/tex/generic/pgf/libraries/decorations/pgflibrarydecorati
ons.shapes.code.tex))
(/usr/share/texmf-dist/tex/generic/pgf/frontendlayer/tikz/libraries/tikzlibrary
decorations.text.code.tex
(/usr/share/texmf-dist/tex/generic/pgf/libraries/decorations/pgflibrarydecorati
ons.text.code.tex
\pgf@lib@dec@text@box=\box69
)
\tikz@lib@dec@te@box=\box70
)
(/usr/share/texmf-dist/tex/generic/pgf/frontendlayer/tikz/libraries/tikzlibrary
decorations.pathmorphing.code.tex
(/usr/share/texmf-dist/tex/generic/pgf/libraries/decorations/pgflibrarydecorati
ons.pathmorphing.code.tex))
(/usr/share/texmf-dist/tex/generic/pgf/frontendlayer/tikz/libraries/tikzlibrary
intersections.code.tex
(/usr/share/texmf-dist/tex/generic/pgf/libraries/pgflibraryintersections.code.t
ex
\pgf@intersect@solutions=\count331
))
(/usr/share/texmf-dist/tex/generic/pgf/frontendlayer/tikz/libraries/tikzlibrary
patterns.code.tex
File: tikzlibrarypatterns.code.tex 2020/12/27 v3.1.8b (3.1.8b)

(/usr/share/texmf-dist/tex/generic/pgf/libraries/pgflibrarypatterns.code.tex
File: pgflibrarypatterns.code.tex 2020/12/27 v3.1.8b (3.1.8b)
))
(/usr/share/texmf-dist/tex/generic/pgf/frontendlayer/tikz/libraries/tikzlibrary
plotmarks.code.tex
File: tikzlibraryplotmarks.code.tex 2020/12/27 v3.1.8b (3.1.8b)

(/usr/share/texmf-dist/tex/generic/pgf/libraries/pgflibraryplotmarks.code.tex
File: pgflibraryplotmarks.code.tex 2020/12/27 v3.1.8b (3.1.8b)
))
(/usr/share/texmf-dist/tex/generic/pgf/frontendlayer/tikz/libraries/tikzlibrary
positioning.code.tex
File: tikzlibrarypositioning.code.tex 2020/12/27 v3.1.8b (3.1.8b)
)
(/usr/share/texmf-dist/tex/generic/pgf/frontendlayer/tikz/libraries/tikzlibrary
quotes.code.tex
File: tikzlibraryquotes.code.tex 2020/12/27 v3.1.8b (3.1.8b)
)
(/usr/share/texmf-dist/tex/generic/pgf/frontendlayer/tikz/libraries/tikzlibrary
shadows.code.tex
File: tikzlibraryshadows.code.tex 2020/12/27 v3.1.8b (3.1.8b)

(/usr/share/texmf-dist/tex/generic/pgf/frontendlayer/tikz/libraries/tikzlibrary
fadings.code.tex
File: tikzlibraryfadings.code.tex 2020/12/27 v3.1.8b (3.1.8b)

(/usr/share/texmf-dist/tex/generic/pgf/libraries/pgflibraryfadings.code.tex
File: pgflibraryfadings.code.tex 2020/12/27 v3.1.8b (3.1.8b)
)))
(/usr/share/texmf-dist/tex/generic/pgf/frontendlayer/tikz/libraries/tikzlibrary
shapes.misc.code.tex
File: tikzlibraryshapes.misc.code.tex 2020/12/27 v3.1.8b (3.1.8b)

(/usr/share/texmf-dist/tex/generic/pgf/libraries/shapes/pgflibraryshapes.misc.c
ode.tex
File: pgflibraryshapes.misc.code.tex 2020/12/27 v3.1.8b (3.1.8b)
))
(/usr/share/texmf-dist/tex/generic/pgf/frontendlayer/tikz/libraries/tikzlibrary
through.code.tex
File: tikzlibrarythrough.code.tex 2020/12/27 v3.1.8b (3.1.8b)
) (/usr/share/texmf-dist/tex/latex/numprint/numprint.sty
Package: numprint 2012/08/20 v1.39 Print numbers (HH)

(/usr/share/texmf-dist/tex/latex/tools/array.sty
Package: array 2020/10/01 v2.5c Tabular extension package (FMi)
\col@sep=\dimen336
\ar@mcellbox=\box71
\extrarowheight=\dimen337
\NC@list=\toks44
\extratabsurround=\skip73
\backup@length=\skip74
\ar@cellbox=\box72
)
\c@nprt@mantissa@digitsbefore=\count332
\c@nprt@mantissa@digitsafter=\count333
\c@nprt@exponent@digitsbefore=\count334
\c@nprt@exponent@digitsafter=\count335
\nprt@digitwidth=\skip75
\nprt@sepwidth=\skip76
\nprt@decimalwidth=\skip77
\nprt@blockwidth=\skip78
\nprt@digittoks=\toks45
\nprt@pretoks=\toks46
\nprt@posttoks=\toks47
\nprt@thisdigit=\count336
\nprt@curpos=\count337
\nprt@rndpos=\count338
\c@nprt@digitsfirstblock=\count339
\c@nprt@blockcnt=\count340
\c@nprt@cntprint=\count341

No configuration file `numprint.cfg' found.)
(/usr/share/texmf-dist/tex/latex/l3packages/xfp/xfp.sty
(/usr/share/texmf-dist/tex/latex/l3kernel/expl3.sty
Package: expl3 2021-02-18 L3 programming layer (loader) 

(/usr/share/texmf-dist/tex/latex/l3backend/l3backend-pdftex.def
File: l3backend-pdftex.def 2021-03-18 L3 backend support: PDF output (pdfTeX)
\l__color_backend_stack_int=\count342
\l__pdf_internal_box=\box73
))
Package: xfp 2021-03-12 L3 Floating point unit

LaTeX3 Info: Defining command \fpeval with sig. 'm' on line 37.


LaTeX3 Info: Defining command \inteval with sig. 'm' on line 38.

)
(/usr/share/texmf-dist/tex/latex/fp/fp.sty
Package: fp 1995/04/02

`Fixed Point Package', Version 0.8, April 2, 1995 (C) Michael Mehlich
(/usr/share/texmf-dist/tex/latex/fp/defpattern.sty
Package: defpattern 1994/10/12
\actioncount=\count343
)
(/usr/share/texmf-dist/tex/latex/fp/fp-basic.sty
Package: fp-basic 1996/05/13
\FP@xs=\count344
\FP@xia=\count345
\FP@xib=\count346
\FP@xfa=\count347
\FP@xfb=\count348
\FP@rega=\count349
\FP@regb=\count350
\FP@regs=\count351
\FP@times=\count352
)
(/usr/share/texmf-dist/tex/latex/fp/fp-addons.sty
Package: fp-addons 1995/03/15
)
(/usr/share/texmf-dist/tex/latex/fp/fp-snap.sty
Package: fp-snap 1995/04/05
)
(/usr/share/texmf-dist/tex/latex/fp/fp-exp.sty
Package: fp-exp 1995/04/03
)
(/usr/share/texmf-dist/tex/latex/fp/fp-trigo.sty
Package: fp-trigo 1995/04/14
)
(/usr/share/texmf-dist/tex/latex/fp/fp-pas.sty
Package: fp-pas 1994/08/29
)
(/usr/share/texmf-dist/tex/latex/fp/fp-random.sty
Package: fp-random 1995/02/23
\FPseed=\count353
)
(/usr/share/texmf-dist/tex/latex/fp/fp-eqn.sty
Package: fp-eqn 1995/04/03
)
(/usr/share/texmf-dist/tex/latex/fp/fp-upn.sty
Package: fp-upn 1996/10/21
)
(/usr/share/texmf-dist/tex/latex/fp/fp-eval.sty
Package: fp-eval 1995/04/03
))
\tkzRadius=\dimen338
\tkzLength=\dimen339
\tkz@radi=\dimen340
\tkz@ax=\dimen341
\tkz@ay=\dimen342
\tkz@bx=\dimen343
\tkz@by=\dimen344
\tkz@cx=\dimen345
\tkz@cy=\dimen346
\tkz@dx=\dimen347
\tkz@dy=\dimen348
\tkz@tax=\dimen349
\tkz@tay=\dimen350
\tkz@tbx=\dimen351
\tkz@tby=\dimen352
\tkz@tcx=\dimen353
\tkz@tcy=\dimen354
\tkz@tdx=\dimen355
\tkz@tdy=\dimen356
\tkz@cntmk=\count354

Local configuration file tkz-base.cfg found and used
(/usr/share/texmf-dist/tex/latex/tkz-base/tkz-base.cfg
2020/03/18 3.06c tkz-base.cfg
) (/usr/share/texmf-dist/tex/latex/tkz-base/tkz-tools-modules.tex
2020/03/18 3.06c tkz-tools-utilities.tex
) (/usr/share/texmf-dist/tex/latex/tkz-base/tkz-lib-marks.tex
2020/03/18 3.06c tkz-lib-symbols.tex
) (/usr/share/texmf-dist/tex/latex/tkz-base/tkz-tools-base.tex
2020/03/18 3.06c tkz-tools-base.tex
) (/usr/share/texmf-dist/tex/latex/tkz-base/tkz-tools-utilities.tex
2020/03/18 3.06c tkz-tools-utilities.tex
) (/usr/share/texmf-dist/tex/latex/tkz-euclide/tkz-tools-math.tex
2020/03/18 3.06c tkz-tools-math.tex
) (/usr/share/texmf-dist/tex/latex/tkz-base/tkz-tools-text.tex
2020/03/18 3.06c tkz-tools-text.tex
) (/usr/share/texmf-dist/tex/latex/tkz-base/tkz-tools-BB.tex
2020/03/18 3.06c tkz-obj-BB.tex
) (/usr/share/texmf-dist/tex/latex/tkz-base/tkz-tools-arith.tex
2020/03/18 3.06c tkz-tools-arith.tex
File: tkz-tool-arith.tex tkz-tool-arith 3.02 c
) (/usr/share/texmf-dist/tex/latex/tkz-base/tkz-tools-print.tex
2020/03/18 3.06c tkz-tools-print.tex
) (/usr/share/texmf-dist/tex/latex/tkz-base/tkz-tools-misc.tex
2020/03/18 3.06c tkz-tools-misc.tex
) (/usr/share/texmf-dist/tex/latex/tkz-base/tkz-obj-axes.tex
2020/03/18 3.06c tkz-obj-axes.tex
) (/usr/share/texmf-dist/tex/latex/tkz-base/tkz-obj-grids.tex
2020/03/18 3.06c tkz-obj-grids.tex
) (/usr/share/texmf-dist/tex/latex/tkz-base/tkz-obj-marks.tex
2020/03/18 3.07c tkz-obj-marks.tex
) (/usr/share/texmf-dist/tex/latex/tkz-base/tkz-obj-points.tex
2020/03/18 3.06c tkz-obj-points.tex
) (/usr/share/texmf-dist/tex/latex/tkz-base/tkz-obj-rep.tex
2020/03/18 3.06c tkz-obj-rep.tex
)) (/usr/share/texmf-dist/tex/latex/tkz-euclide/tkz-tools-intersections.tex
2020/03/18 3.06c tkz-tools-intersections.tex
) (/usr/share/texmf-dist/tex/latex/tkz-euclide/tkz-tools-angles.tex
2020/03/18 3.06c tkz-tools-angles.tex
) (/usr/share/texmf-dist/tex/latex/tkz-euclide/tkz-obj-eu-angles.tex
2020/03/18 3.06c tkz-tool-eu-angles.tex
\tkz@arcsize=\dimen357
\tkz@fillsize=\dimen358
) (/usr/share/texmf-dist/tex/latex/tkz-euclide/tkz-obj-eu-arcs.tex
2020/03/23 3.06c tkz-obj-eu-arcs.tex
) (/usr/share/texmf-dist/tex/latex/tkz-euclide/tkz-obj-eu-compass.tex
2020/03/18 3.06c tkz-obj-eu-compass.tex
) (/usr/share/texmf-dist/tex/latex/tkz-euclide/tkz-obj-eu-circles.tex
2020/03/18 3.06c tkz-obj-eu-circles.tex
) (/usr/share/texmf-dist/tex/latex/tkz-euclide/tkz-obj-eu-draw-circles.tex
2020/03/18 3.06c tkz-obj-eu-draw-circles.tex
) (/usr/share/texmf-dist/tex/latex/tkz-euclide/tkz-obj-eu-draw-lines.tex
2020/03/18 3.06c tkz-obj-eu-draw-lines.tex
) (/usr/share/texmf-dist/tex/latex/tkz-euclide/tkz-obj-eu-draw-polygons.tex
2020/03/18 3.06c tkz-obj-eu-polygons.tex
) (/usr/share/texmf-dist/tex/latex/tkz-euclide/tkz-obj-eu-draw-triangles.tex)
(/usr/share/texmf-dist/tex/latex/tkz-euclide/tkz-obj-eu-lines.tex
2020/03/18 3.06c tkz-obj-eu-lines.tex
) (/usr/share/texmf-dist/tex/latex/tkz-euclide/tkz-obj-eu-points.tex
2020/03/18 3.06c tkz-obj-eu-points.tex
) (/usr/share/texmf-dist/tex/latex/tkz-euclide/tkz-obj-eu-points-by.tex
2020/03/18 3.06c tkz-tools-eu-points-by.tex
) (/usr/share/texmf-dist/tex/latex/tkz-euclide/tkz-obj-eu-points-rnd.tex
2020/03/18 3.06c tkz-obj-eu-points-rnd.tex
) (/usr/share/texmf-dist/tex/latex/tkz-euclide/tkz-obj-eu-points-with.tex
2020/03/18 3.06c tkz-obj-eu-points-with.tex
) (/usr/share/texmf-dist/tex/latex/tkz-euclide/tkz-obj-eu-polygons.tex
2020/03/18 3.06c tkz-obj-eu-polygons.tex
) (/usr/share/texmf-dist/tex/latex/tkz-euclide/tkz-obj-eu-protractor.tex
2020/03/18 3.06c tkz-obj-eu-protractor.tex
) (/usr/share/texmf-dist/tex/latex/tkz-euclide/tkz-obj-eu-sectors.tex
2020/03/18 3.06c tkz-obj-eu-sectors.tex
) (/usr/share/texmf-dist/tex/latex/tkz-euclide/tkz-obj-eu-show.tex
2020/03/18 3.06c tkz-obj-eu-show.tex
) (/usr/share/texmf-dist/tex/latex/tkz-euclide/tkz-obj-eu-triangles.tex
2020/03/18 3.06c tkz-obj-eu-triangles.tex
)) (/usr/share/texmf-dist/tex/latex/listings/listings.sty
\lst@mode=\count355
\lst@gtempboxa=\box74
\lst@token=\toks48
\lst@length=\count356
\lst@currlwidth=\dimen359
\lst@column=\count357
\lst@pos=\count358
\lst@lostspace=\dimen360
\lst@width=\dimen361
\lst@newlines=\count359
\lst@lineno=\count360
\lst@maxwidth=\dimen362

(/usr/share/texmf-dist/tex/latex/listings/lstmisc.sty
File: lstmisc.sty 2020/03/24 1.8d (Carsten Heinz)
\c@lstnumber=\count361
\lst@skipnumbers=\count362
\lst@framebox=\box75
)
(/usr/share/texmf-dist/tex/latex/listings/listings.cfg
File: listings.cfg 2020/03/24 1.8d listings configuration
))
Package: listings 2020/03/24 1.8d (Carsten Heinz)

(/usr/share/texmf-dist/tex/latex/tools/hhline.sty
Package: hhline 2020/01/04 v2.04 Table rule package (DPC)
)
(/usr/share/texmf-dist/tex/latex/base/ifthen.sty
Package: ifthen 2014/09/29 v1.1c Standard LaTeX ifthen package (DPC)
)
(/usr/share/texmf-dist/tex/latex/graphics/lscape.sty
Package: lscape 2020/05/28 v3.02 Landscape Pages (DPC)
)
(/usr/share/texmf-dist/tex/latex/tools/multicol.sty
Package: multicol 2019/12/09 v1.8y multicolumn formatting (FMi)
\c@tracingmulticols=\count363


Package multicol Warning: May not work with the twocolumn option on input line 
141.

\mult@box=\box76
\multicol@leftmargin=\dimen363
\c@unbalance=\count364
\c@collectmore=\count365
\doublecol@number=\count366
\multicoltolerance=\count367
\multicolpretolerance=\count368
\full@width=\dimen364
\page@free=\dimen365
\premulticols=\dimen366
\postmulticols=\dimen367
\multicolsep=\skip79
\multicolbaselineskip=\skip80
\partial@page=\box77
\last@line=\box78
\maxbalancingoverflow=\dimen368
\mult@rightbox=\box79
\mult@grightbox=\box80
\mult@gfirstbox=\box81
\mult@firstbox=\box82
\@tempa=\box83
\@tempa=\box84
\@tempa=\box85
\@tempa=\box86
\@tempa=\box87
\@tempa=\box88
\@tempa=\box89
\@tempa=\box90
\@tempa=\box91
\@tempa=\box92
\@tempa=\box93
\@tempa=\box94
\@tempa=\box95
\@tempa=\box96
\@tempa=\box97
\@tempa=\box98
\@tempa=\box99
\@tempa=\box100
\@tempa=\box101
\@tempa=\box102
\@tempa=\box103
\@tempa=\box104
\@tempa=\box105
\@tempa=\box106
\@tempa=\box107
\@tempa=\box108
\@tempa=\box109
\@tempa=\box110
\@tempa=\box111
\@tempa=\box112
\@tempa=\box113
\@tempa=\box114
\@tempa=\box115
\@tempa=\box116
\@tempa=\box117
\@tempa=\box118
\@tempa=\box119
\c@minrows=\count369
\c@columnbadness=\count370
\c@finalcolumnbadness=\count371
\last@try=\dimen369
\multicolovershoot=\dimen370
\multicolundershoot=\dimen371
\mult@nat@firstbox=\box120
\colbreak@box=\box121
\mc@col@check@num=\count372
) (/usr/share/texmf-dist/tex/latex/chngcntr/chngcntr.sty
Package: chngcntr 2018/04/09 v1.1a change counter resetting
Package chngcntr Info: \counterwithout already defined.
(chngcntr)             Quitting chngcntr on input line 21.
)
(/usr/share/texmf-dist/tex/latex/listings/lstlang1.sty
File: lstlang1.sty 2020/03/24 1.8d listings language file
)
(/usr/share/texmf-dist/tex/latex/listings/lstlang2.sty
File: lstlang2.sty 2020/03/24 1.8d listings language file
)
(/usr/share/texmf-dist/tex/latex/listings/lstlang3.sty
File: lstlang3.sty 2020/03/24 1.8d listings language file
)
(/usr/share/texmf-dist/tex/latex/listings/lstlang1.sty
File: lstlang1.sty 2020/03/24 1.8d listings language file
)
(/usr/share/texmf-dist/tex/latex/listings/lstlang2.sty
File: lstlang2.sty 2020/03/24 1.8d listings language file
)
(/usr/share/texmf-dist/tex/latex/listings/lstlang3.sty
File: lstlang3.sty 2020/03/24 1.8d listings language file
)
(/usr/share/texmf-dist/tex/latex/listings/lstlang1.sty
File: lstlang1.sty 2020/03/24 1.8d listings language file
)
(/usr/share/texmf-dist/tex/latex/listings/lstlang2.sty
File: lstlang2.sty 2020/03/24 1.8d listings language file
)
(/usr/share/texmf-dist/tex/latex/listings/lstlang3.sty
File: lstlang3.sty 2020/03/24 1.8d listings language file
)
(/usr/share/texmf-dist/tex/latex/listings/lstmisc.sty
File: lstmisc.sty 2020/03/24 1.8d (Carsten Heinz)
)
LaTeX Font Info:    Trying to load font information for OT1+txr on input line 7
9.

(/usr/share/texmf-dist/tex/latex/txfonts/ot1txr.fd
File: ot1txr.fd 2000/12/15 v3.1
) (./gvv_ramsey.aux)
\openout1 = `gvv_ramsey.aux'.

LaTeX Font Info:    Checking defaults for OML/txmi/m/it on input line 79.
LaTeX Font Info:    Trying to load font information for OML+txmi on input line 
79.

(/usr/share/texmf-dist/tex/latex/txfonts/omltxmi.fd
File: omltxmi.fd 2000/12/15 v3.1
)
LaTeX Font Info:    ... okay on input line 79.
LaTeX Font Info:    Checking defaults for OMS/txsy/m/n on input line 79.
LaTeX Font Info:    Trying to load font information for OMS+txsy on input line 
79.

(/usr/share/texmf-dist/tex/latex/txfonts/omstxsy.fd
File: omstxsy.fd 2000/12/15 v3.1
)
LaTeX Font Info:    ... okay on input line 79.
LaTeX Font Info:    Checking defaults for OT1/cmr/m/n on input line 79.
LaTeX Font Info:    ... okay on input line 79.
LaTeX Font Info:    Checking defaults for T1/cmr/m/n on input line 79.
LaTeX Font Info:    ... okay on input line 79.
LaTeX Font Info:    Checking defaults for TS1/cmr/m/n on input line 79.
LaTeX Font Info:    ... okay on input line 79.
LaTeX Font Info:    Checking defaults for OMX/txex/m/n on input line 79.
LaTeX Font Info:    Trying to load font information for OMX+txex on input line 
79.

(/usr/share/texmf-dist/tex/latex/txfonts/omxtxex.fd
File: omxtxex.fd 2000/12/15 v3.1
)
LaTeX Font Info:    ... okay on input line 79.
LaTeX Font Info:    Checking defaults for U/txexa/m/n on input line 79.
LaTeX Font Info:    Trying to load font information for U+txexa on input line 7
9.

(/usr/share/texmf-dist/tex/latex/txfonts/utxexa.fd
File: utxexa.fd 2000/12/15 v3.1
)
LaTeX Font Info:    ... okay on input line 79.
LaTeX Font Info:    Checking defaults for PD1/pdf/m/n on input line 79.
LaTeX Font Info:    ... okay on input line 79.
LaTeX Font Info:    Checking defaults for PU/pdf/m/n on input line 79.
LaTeX Font Info:    ... okay on input line 79.
LaTeX Font Info:    Font shape `OT1/txr/b/n' in size <6> not available
(Font)              Font shape `OT1/txr/bx/n' tried instead on input line 79.
LaTeX Font Info:    Font shape `OT1/txr/b/it' in size <6> not available
(Font)              Font shape `OT1/txr/bx/it' tried instead on input line 79.
LaTeX Font Info:    Font shape `OT1/txr/b/n' in size <8> not available
(Font)              Font shape `OT1/txr/bx/n' tried instead on input line 79.
LaTeX Font Info:    Font shape `OT1/txr/b/it' in size <8> not available
(Font)              Font shape `OT1/txr/bx/it' tried instead on input line 79.
LaTeX Font Info:    Font shape `OT1/txr/b/n' in size <9> not available
(Font)              Font shape `OT1/txr/bx/n' tried instead on input line 79.
LaTeX Font Info:    Font shape `OT1/txr/b/it' in size <9> not available
(Font)              Font shape `OT1/txr/bx/it' tried instead on input line 79.
LaTeX Font Info:    Font shape `OT1/txr/b/n' in size <10> not available
(Font)              Font shape `OT1/txr/bx/n' tried instead on input line 79.
LaTeX Font Info:    Font shape `OT1/txr/b/it' in size <10> not available
(Font)              Font shape `OT1/txr/bx/it' tried instead on input line 79.
LaTeX Font Info:    Font shape `OT1/txr/b/n' in size <12> not available
(Font)              Font shape `OT1/txr/bx/n' tried instead on input line 79.
LaTeX Font Info:    Font shape `OT1/txr/b/it' in size <12> not available
(Font)              Font shape `OT1/txr/bx/it' tried instead on input line 79.
LaTeX Font Info:    Font shape `OT1/txr/b/n' in size <14> not available
(Font)              Font shape `OT1/txr/bx/n' tried instead on input line 79.
LaTeX Font Info:    Font shape `OT1/txr/b/it' in size <14> not available
(Font)              Font shape `OT1/txr/bx/it' tried instead on input line 79.
LaTeX Font Info:    Font shape `OT1/txr/b/n' in size <20> not available
(Font)              Font shape `OT1/txr/bx/n' tried instead on input line 79.
LaTeX Font Info:    Font shape `OT1/txr/b/it' in size <20> not available
(Font)              Font shape `OT1/txr/bx/it' tried instead on input line 79.
LaTeX Font Info:    Font shape `OT1/txr/b/n' in size <22> not available
(Font)              Font shape `OT1/txr/bx/n' tried instead on input line 79.
LaTeX Font Info:    Font shape `OT1/txr/b/it' in size <22> not available
(Font)              Font shape `OT1/txr/bx/it' tried instead on input line 79.
LaTeX Font Info:    Font shape `OT1/txr/b/n' in size <24> not available
(Font)              Font shape `OT1/txr/bx/n' tried instead on input line 79.
LaTeX Font Info:    Font shape `OT1/txr/b/it' in size <24> not available
(Font)              Font shape `OT1/txr/bx/it' tried instead on input line 79.

-- Lines per column: 50 (exact).
LaTeX Info: Redefining \celsius on input line 79.
Package gensymb Info: Faking symbols for \degree and \celsius on input line 79.


Package gensymb Warning: Not defining \perthousand.

LaTeX Info: Redefining \ohm on input line 79.
Package gensymb Info: Using \Omega for \ohm on input line 79.

Package gensymb Warning: Not defining \micro.

Package caption Info: Begin \AtBeginDocument code.
Package caption Info: subfig package v1.3 is loaded.
Package caption Info: hyperref package is loaded.
Package caption Info: listings package is loaded.
Package caption Info: longtable package is loaded.
(/usr/share/texmf-dist/tex/latex/caption/ltcaption.sty
Package: ltcaption 2020/05/30 v1.4b longtable captions (AR)
)
Package caption Info: End \AtBeginDocument code.

(/usr/share/texmf-dist/tex/context/base/mkii/supp-pdf.mkii
[Loading MPS to PDF converter (version 2006.09.02).]
\scratchcounter=\count373
\scratchdimen=\dimen372
\scratchbox=\box122
\nofMPsegments=\count374
\nofMParguments=\count375
\everyMPshowfont=\toks49
\MPscratchCnt=\count376
\MPscratchDim=\dimen373
\MPnumerator=\count377
\makeMPintoPDFobject=\count378
\everyMPtoPDFconversion=\toks50
) (/usr/share/texmf-dist/tex/latex/epstopdf-pkg/epstopdf-base.sty
Package: epstopdf-base 2020-01-24 v2.11 Base part for package epstopdf
Package epstopdf-base Info: Redefining graphics rule for `.eps' on input line 4
85.

(/usr/share/texmf-dist/tex/latex/latexconfig/epstopdf-sys.cfg
File: epstopdf-sys.cfg 2010/07/13 v1.3 Configuration of (r)epstopdf for TeX Liv
e
))
Package hyperref Info: Link coloring OFF on input line 79.

(/usr/share/texmf-dist/tex/latex/hyperref/nameref.sty
Package: nameref 2021-04-02 v2.47 Cross-referencing by name of section

(/usr/share/texmf-dist/tex/latex/refcount/refcount.sty
Package: refcount 2019/12/15 v3.6 Data extraction from label references (HO)
)
(/usr/share/texmf-dist/tex/generic/gettitlestring/gettitlestring.sty
Package: gettitlestring 2019/12/15 v1.6 Cleanup title references (HO)
)
\c@section@level=\count379
)
LaTeX Info: Redefining \ref on input line 79.
LaTeX Info: Redefining \pageref on input line 79.
LaTeX Info: Redefining \nameref on input line 79.

(./gvv_ramsey.out) (./gvv_ramsey.out)
\@outlinefile=\write4
\openout4 = `gvv_ramsey.out'.

\c@lstlisting=\count380
\c@theorem=\count381
\c@problem=\count382
\c@proposition=\count383
\c@lemma=\count384
\c@example=\count385
\c@rem=\count386


LaTeX Warning: No \author given.


LaTeX Warning: No \author given.


LaTeX Warning: No \author given.

(./gvv_ramsey.toc
LaTeX Font Info:    Trying to load font information for U+rsfs on input line 2.

 (/usr/share/texmf-dist/tex/latex/jknapltx/ursfs.fd
File: ursfs.fd 1998/03/24 rsfs font definition file (jk)
)
LaTeX Font Info:    Trying to load font information for U+txmia on input line 2
.

(/usr/share/texmf-dist/tex/latex/txfonts/utxmia.fd
File: utxmia.fd 2000/12/15 v3.1
)
LaTeX Font Info:    Trying to load font information for U+txsya on input line 2
.

(/usr/share/texmf-dist/tex/latex/txfonts/utxsya.fd
File: utxsya.fd 2000/12/15 v3.1
)
LaTeX Font Info:    Trying to load font information for U+txsyb on input line 2
.

(/usr/share/texmf-dist/tex/latex/txfonts/utxsyb.fd
File: utxsyb.fd 2000/12/15 v3.1
)
LaTeX Font Info:    Trying to load font information for U+txsyc on input line 2
.

(/usr/share/texmf-dist/tex/latex/txfonts/utxsyc.fd
File: utxsyc.fd 2000/12/15 v3.1
))
\tf@toc=\write5
\openout5 = `gvv_ramsey.toc'.

 (./chapters/1/1.1.tex
(./solutions/1/1/1/solution.tex
Underfull \hbox (badness 10000) in paragraph at lines 17--2

 []

<./solutions/1/1/1/AI_assignment_1.png, id=221, 462.528pt x 346.896pt>
File: ./solutions/1/1/1/AI_assignment_1.png Graphic file (type png)
<use ./solutions/1/1/1/AI_assignment_1.png>
Package pdftex.def Info: ./solutions/1/1/1/AI_assignment_1.png  used on input l
ine 32.
(pdftex.def)             Requested size: 252.0pt x 189.00427pt.
) [1{/var/lib/texmf/fonts/map/pdftex/updmap/pdftex.map}


]
(./solutions/1/1/2/1.tex) (./solutions/1/1/2/2.tex)
(./solutions/1/1/3/solution.tex
Underfull \vbox (badness 10000) has occurred while \output is active []


Underfull \hbox (badness 10000) in paragraph at lines 28--32

 []


Underfull \hbox (badness 10000) in paragraph at lines 33--34

 []


Underfull \hbox (badness 10000) in paragraph at lines 35--36

 []


LaTeX Warning: No positions in optional float specifier.
               Default added (so using `!tbp') on input line 42.

<solutions/1/1/3/assignment2_fig.png, id=254, 379.4175pt x 263.98625pt>
File: solutions/1/1/3/assignment2_fig.png Graphic file (type png)
<use solutions/1/1/3/assignment2_fig.png>
Package pdftex.def Info: solutions/1/1/3/assignment2_fig.png  used on input lin
e 44.
(pdftex.def)             Requested size: 252.0pt x 175.33516pt.

Underfull \vbox (badness 10000) has occurred while \output is active []

 [2 <./solutions/1/1/1/AI_assignment_1.png>]) (./solutions/1/1/4/solution.tex
<solutions/1/1/4/Figure_1.png, id=282, 371.3875pt x 248.93pt>
File: solutions/1/1/4/Figure_1.png Graphic file (type png)
<use solutions/1/1/4/Figure_1.png>
Package pdftex.def Info: solutions/1/1/4/Figure_1.png  used on input line 4.
(pdftex.def)             Requested size: 258.0pt x 172.93176pt.

Overfull \hbox (6.0pt too wide) in paragraph at lines 4--5
 [][] 
 []


Underfull \vbox (badness 10000) has occurred while \output is active []


Underfull \vbox (badness 10000) has occurred while \output is active []

 [3 <./solutions/1/1/3/assignment2_fig.png> <./solutions/1/1/4/Figure_1.png>])
(./solutions/1/1/6/Assignment1.tex
<solutions/1/1/6/Figures/Fig1.png, id=316, 375.4025pt x 252.945pt>
File: solutions/1/1/6/Figures/Fig1.png Graphic file (type png)
<use solutions/1/1/6/Figures/Fig1.png>
Package pdftex.def Info: solutions/1/1/6/Figures/Fig1.png  used on input line 2
7.
(pdftex.def)             Requested size: 252.0pt x 169.80034pt.
) (./solutions/1/1/7/Assignment_1.tex
Underfull \vbox (badness 10000) has occurred while \output is active []

<solutions/1/1/7/figure/Assignment_1.png, id=317, 397.485pt x 262.9825pt>
File: solutions/1/1/7/figure/Assignment_1.png Graphic file (type png)
<use solutions/1/1/7/figure/Assignment_1.png>
Package pdftex.def Info: solutions/1/1/7/figure/Assignment_1.png  used on input
 line 18.
(pdftex.def)             Requested size: 252.0pt x 166.73119pt.

Underfull \vbox (badness 10000) has occurred while \output is active []

 [4 <./solutions/1/1/6/Figures/Fig1.png> <./solutions/1/1/7/figure/Assignment_1
.png>])
(./solutions/1/1/9/main.tex
<solutions/1/1/9/parallelogram.png, id=351, 406.51875pt x 264.99pt>
File: solutions/1/1/9/parallelogram.png Graphic file (type png)
<use solutions/1/1/9/parallelogram.png>
Package pdftex.def Info: solutions/1/1/9/parallelogram.png  used on input line 
33.
(pdftex.def)             Requested size: 252.0pt x 164.2638pt.
) (./solutions/1/1/10/Assignment_1.tex
Underfull \vbox (badness 10000) has occurred while \output is active []

<solutions/1/1/10/Figure/AS1.png, id=353, 394.47375pt x 262.9825pt>
File: solutions/1/1/10/Figure/AS1.png Graphic file (type png)
<use solutions/1/1/10/Figure/AS1.png>
Package pdftex.def Info: solutions/1/1/10/Figure/AS1.png  used on input line 38
.
(pdftex.def)             Requested size: 252.0pt x 167.99922pt.
)
Underfull \vbox (badness 2626) has occurred while \output is active []

 [5 <./solutions/1/1/9/parallelogram.png>] (./solutions/1/1/14/Assignment_1.tex
)
Underfull \vbox (badness 10000) has occurred while \output is active []

)
(./chapters/1/1.2.tex) (./chapters/2/2.1.tex [6 <./solutions/1/1/10/Figure/AS1.
png>]) (./chapters/2/2.2.tex (./solutions/2/2/2/solution.tex
Underfull \hbox (badness 10000) in paragraph at lines 9--4

 []


Underfull \vbox (badness 10000) has occurred while \output is active []

<solutions/2/2/2/assignment3_fig.png, id=416, 389.455pt x 264.99pt>
File: solutions/2/2/2/assignment3_fig.png Graphic file (type png)
<use solutions/2/2/2/assignment3_fig.png>
Package pdftex.def Info: solutions/2/2/2/assignment3_fig.png  used on input lin
e 25.
(pdftex.def)             Requested size: 252.0pt x 171.46107pt.
) [7 <./solutions/2/2/2/assignment3_fig.png>] (./solutions/2/2/15/solution.tex
Underfull \hbox (badness 3679) in paragraph at lines 31--2
[]\OT1/txr/m/n/12 Find the equa-tion of a line par-al-lel to
 []


Underfull \hbox (badness 10000) in paragraph at lines 31--2

 []


Underfull \hbox (badness 10000) in paragraph at lines 4--7

 []


Underfull \vbox (badness 10000) has occurred while \output is active []

<./solutions/2/2/15/AI_assignment_2.png, id=447, 462.528pt x 346.896pt>
File: ./solutions/2/2/15/AI_assignment_2.png Graphic file (type png)
<use ./solutions/2/2/15/AI_assignment_2.png>
Package pdftex.def Info: ./solutions/2/2/15/AI_assignment_2.png  used on input 
line 31.
(pdftex.def)             Requested size: 252.0pt x 189.00427pt.
))
(./chapters/2/2.3.tex [8 <./solutions/2/2/15/AI_assignment_2.png>]
Underfull \vbox (badness 10000) has occurred while \output is active []

)
(./chapters/2/2.4.tex
Underfull \vbox (badness 4072) has occurred while \output is active []

 [9]
(./solutions/2/4/8/solution.tex
Underfull \vbox (badness 10000) has occurred while \output is active []


Underfull \vbox (badness 10000) has occurred while \output is active []

 [10]
Overfull \hbox (17.76743pt too wide) in paragraph at lines 70--70
[] 
 []


Overfull \hbox (15.76343pt too wide) in paragraph at lines 75--75
[] 
 []


LaTeX Warning: No positions in optional float specifier.
               Default added (so using `!tbp') on input line 79.

<solutions/2/4/8/assignment4_fig.png, id=556, 391.4625pt x 264.99pt>
File: solutions/2/4/8/assignment4_fig.png Graphic file (type png)
<use solutions/2/4/8/assignment4_fig.png>
Package pdftex.def Info: solutions/2/4/8/assignment4_fig.png  used on input lin
e 81.
(pdftex.def)             Requested size: 252.0pt x 170.58769pt.
)
Underfull \vbox (badness 10000) has occurred while \output is active []


Underfull \vbox (badness 10000) has occurred while \output is active []

 [11 <./solutions/2/4/8/assignment4_fig.png>]) (./chapters/2/2.5.tex
Overfull \hbox (9.85712pt too wide) in paragraph at lines 26--32
[]$\OT1/txr/bx/n/12 x[] [] x \OT1/txr/m/n/12 =
 []

) (./chapters/2/2.6.tex [12]
Underfull \vbox (badness 10000) has occurred while \output is active []


(./solutions/2/6/22/solution.tex
Underfull \vbox (badness 10000) has occurred while \output is active []

 [13]
Underfull \vbox (badness 10000) has occurred while \output is active []


Underfull \vbox (badness 10000) has occurred while \output is active []

 [14]
Underfull \vbox (badness 10000) has occurred while \output is active []

<./solutions/2/6/22/Fig1_a5.png, id=709, 462.528pt x 346.896pt>
File: ./solutions/2/6/22/Fig1_a5.png Graphic file (type png)
<use ./solutions/2/6/22/Fig1_a5.png>
Package pdftex.def Info: ./solutions/2/6/22/Fig1_a5.png  used on input line 106
.
(pdftex.def)             Requested size: 252.0pt x 189.00427pt.

Underfull \vbox (badness 10000) has occurred while \output is active []

 [15 <./solutions/2/6/22/Fig1_a5.png>]
Underfull \hbox (badness 10000) in paragraph at lines 142--143

 []

<./solutions/2/6/22/Fig2_a5.png, id=735, 462.528pt x 346.896pt>
File: ./solutions/2/6/22/Fig2_a5.png Graphic file (type png)
<use ./solutions/2/6/22/Fig2_a5.png>
Package pdftex.def Info: ./solutions/2/6/22/Fig2_a5.png  used on input line 152
.
(pdftex.def)             Requested size: 252.0pt x 189.00427pt.
)
Underfull \vbox (badness 10000) has occurred while \output is active []


(./solutions/2/6/24/solution.tex
Overfull \hbox (3.70316pt too wide) in paragraph at lines 29--29
[] 
 []


Overfull \hbox (24.0pt too wide) detected at line 29
[][][]
 []


Underfull \vbox (badness 10000) has occurred while \output is active []

 [16 <./solutions/2/6/22/Fig2_a5.png>]
Underfull \vbox (badness 10000) has occurred while \output is active []


Underfull \vbox (badness 10000) has occurred while \output is active []

 [17]
Underfull \vbox (badness 10000) has occurred while \output is active []

<solutions/2/6/24/fig1.png, id=790, 401.5pt x 279.0425pt>
File: solutions/2/6/24/fig1.png Graphic file (type png)
<use solutions/2/6/24/fig1.png>
Package pdftex.def Info: solutions/2/6/24/fig1.png  used on input line 234.
(pdftex.def)             Requested size: 252.0pt x 175.14624pt.
<solutions/2/6/24/fig2.png, id=791, 392.46625pt x 279.0425pt>
File: solutions/2/6/24/fig2.png Graphic file (type png)
<use solutions/2/6/24/fig2.png>
Package pdftex.def Info: solutions/2/6/24/fig2.png  used on input line 239.
(pdftex.def)             Requested size: 252.0pt x 179.17416pt.
))
(./chapters/3/3.1.tex [18]) (./chapters/3/3.2.tex
(./solutions/3/2/1/a/solution.tex
Underfull \hbox (badness 10000) in paragraph at lines 9--11

 []

[19 <./solutions/2/6/24/fig1.png> <./solutions/2/6/24/fig2.png>]

LaTeX Warning: No positions in optional float specifier.
               Default added (so using `!tbp') on input line 47.

<solutions/3/2/1/a/assignment5_fig.png, id=859, 389.455pt x 264.99pt>
File: solutions/3/2/1/a/assignment5_fig.png Graphic file (type png)
<use solutions/3/2/1/a/assignment5_fig.png>
Package pdftex.def Info: solutions/3/2/1/a/assignment5_fig.png  used on input l
ine 49.
(pdftex.def)             Requested size: 252.0pt x 171.46107pt.
)
Underfull \vbox (badness 10000) has occurred while \output is active []

)
(./chapters/3/3.3.tex [20 <./solutions/3/2/1/a/assignment5_fig.png>]
Underfull \vbox (badness 10000) has occurred while \output is active []

)
(./chapters/3/3.4.tex (./solutions/3/4/1/solution.tex
Underfull \vbox (badness 10000) has occurred while \output is active []

 [21]
Underfull \vbox (badness 10000) has occurred while \output is active []

<./solutions/3/4/1/Figure_1.png, id=943, 486.618pt x 451.6875pt>
File: ./solutions/3/4/1/Figure_1.png Graphic file (type png)
<use ./solutions/3/4/1/Figure_1.png>
Package pdftex.def Info: ./solutions/3/4/1/Figure_1.png  used on input line 82.

(pdftex.def)             Requested size: 312.9803pt x 290.52637pt.

Overfull \hbox (60.9803pt too wide) in paragraph at lines 82--83
 [][] 
 []

) (./solutions/3/4/2/solution.tex
Underfull \vbox (badness 6625) has occurred while \output is active []

 [22 <./solutions/3/4/1/Figure_1.png>]
Overfull \hbox (31.98897pt too wide) detected at line 38
[][]  \OT1/txr/m/n/12 =[]\OMS/txsy/m/n/12 )  \OT1/txr/bx/n/12 x[]Vx \OT1/txr/m/
n/12 + 2\OT1/txr/bx/n/12 c[]Vx \OT1/txr/m/n/12 + \OT1/txr/bx/n/12 c[]Vc \OT1/tx
r/m/n/12 + 2\OT1/txr/bx/n/12 u[]x\OT1/txr/m/n/12 2\OT1/txr/bx/n/12 u[]c \OT1/tx
r/m/n/12 + 23 = \OT1/txr/bx/n/12 x[]Vx \OMS/txsy/m/n/12 ^^@ \OT1/txr/m/n/12 1
 []


Underfull \vbox (badness 10000) has occurred while \output is active []


Underfull \vbox (badness 10000) has occurred while \output is active []

 [23]
Underfull \vbox (badness 10000) has occurred while \output is active []


Underfull \hbox (badness 4805) in paragraph at lines 254--256
\OT1/txr/m/n/12 Substituting equa-tion [], in equa-tion
 []

<./solutions/3/4/2/Assignment 6.png, id=1023, 397.485pt x 262.9825pt>
File: ./solutions/3/4/2/Assignment 6.png Graphic file (type png)
<use ./solutions/3/4/2/Assignment 6.png>
Package pdftex.def Info: ./solutions/3/4/2/Assignment 6.png  used on input line
 264.
(pdftex.def)             Requested size: 252.0pt x 166.73119pt.

LaTeX Warning: `h' float specifier changed to `ht'.

) (./solutions/3/4/4/solution.tex
Underfull \vbox (badness 10000) has occurred while \output is active []

 [24]
Underfull \vbox (badness 10000) has occurred while \output is active []

<./solutions/3/4/4/Figure.png, id=1062, 433.62pt x 289.08pt>
File: ./solutions/3/4/4/Figure.png Graphic file (type png)
<use ./solutions/3/4/4/Figure.png>
Package pdftex.def Info: ./solutions/3/4/4/Figure.png  used on input line 57.
(pdftex.def)             Requested size: 252.0pt x 168.00174pt.

Underfull \hbox (badness 10000) in paragraph at lines 54--62
\OT1/txr/m/n/12 Substitute [],[],[],[] in
 []


Underfull \vbox (badness 5985) has occurred while \output is active []

 [25 <./solutions/3/4/2/Assignment 6.png> <./solutions/3/4/4/Figure.png>])
(./solutions/3/4/5/solution.tex
Underfull \vbox (badness 10000) has occurred while \output is active []


Underfull \hbox (badness 10000) detected at line 50
 []$[]  [] []$ []  
 []

<./solutions/3/4/5/parabola.png, id=1103, 385.44pt x 289.08pt>
File: ./solutions/3/4/5/parabola.png Graphic file (type png)
<use ./solutions/3/4/5/parabola.png>
Package pdftex.def Info: ./solutions/3/4/5/parabola.png  used on input line 58.

(pdftex.def)             Requested size: 252.0pt x 188.99811pt.
)
Underfull \vbox (badness 10000) has occurred while \output is active []

 [26]
(./solutions/3/4/6/solution.tex
Underfull \vbox (badness 10000) has occurred while \output is active []


Underfull \hbox (badness 10000) in paragraph at lines 32--36

 []


Underfull \hbox (badness 10000) in paragraph at lines 32--36
\OT1/txr/m/n/12 From equa-tions [] and [], $\OT1/txr/bx/n/12 V$
 []


Underfull \hbox (badness 10000) in paragraph at lines 38--42

 []


Underfull \hbox (badness 1472) in paragraph at lines 38--42
\OT1/txr/m/n/12 From equa-tion [], the equa-tion is of
 []


Underfull \vbox (badness 10000) has occurred while \output is active []

 [27 <./solutions/3/4/5/parabola.png>]
Underfull \vbox (badness 10000) has occurred while \output is active []

<./solutions/3/4/6/hyperbola.png, id=1190, 346.29375pt x 348.30125pt>
File: ./solutions/3/4/6/hyperbola.png Graphic file (type png)
<use ./solutions/3/4/6/hyperbola.png>
Package pdftex.def Info: ./solutions/3/4/6/hyperbola.png  used on input line 11
0.
(pdftex.def)             Requested size: 252.0pt x 253.46591pt.
)
Underfull \vbox (badness 10000) has occurred while \output is active []

 [28 <./solutions/3/4/6/hyperbola.png>] (./solutions/3/4/8/solution.tex
<./solutions/3/4/8/circle.png, id=1219, 433.62pt x 289.08pt>
File: ./solutions/3/4/8/circle.png Graphic file (type png)
<use ./solutions/3/4/8/circle.png>
Package pdftex.def Info: ./solutions/3/4/8/circle.png  used on input line 14.
(pdftex.def)             Requested size: 252.0pt x 168.00174pt.
)
(./solutions/3/4/10/solution.tex
Underfull \vbox (badness 10000) has occurred while \output is active []

 [29 <./solutions/3/4/8/circle.png>]
Underfull \vbox (badness 10000) has occurred while \output is active []

<./solutions/3/4/10/plot.png, id=1265, 462.528pt x 346.896pt>
File: ./solutions/3/4/10/plot.png Graphic file (type png)
<use ./solutions/3/4/10/plot.png>
Package pdftex.def Info: ./solutions/3/4/10/plot.png  used on input line 67.
(pdftex.def)             Requested size: 252.0pt x 189.00427pt.
)
Underfull \vbox (badness 10000) has occurred while \output is active []

 [30]
(./solutions/3/4/11/solution.tex
Underfull \vbox (badness 10000) has occurred while \output is active []

 [31 <./solutions/3/4/10/plot.png>]
Underfull \vbox (badness 10000) has occurred while \output is active []

<./solutions/3/4/11/Ellipse.png, id=1369, 371.3875pt x 248.93pt>
File: ./solutions/3/4/11/Ellipse.png Graphic file (type png)
<use ./solutions/3/4/11/Ellipse.png>
Package pdftex.def Info: ./solutions/3/4/11/Ellipse.png  used on input line 142
.
(pdftex.def)             Requested size: 252.0pt x 168.9131pt.
))
(./chapters/4/4.1.tex
Underfull \vbox (badness 10000) has occurred while \output is active []

 [32]
(./solutions/4/1/1/a/solution.tex
Underfull \vbox (badness 10000) has occurred while \output is active []

<./solutions/4/1/1/a/A4.png, id=1407, 397.485pt x 262.9825pt>
File: ./solutions/4/1/1/a/A4.png Graphic file (type png)
<use ./solutions/4/1/1/a/A4.png>
Package pdftex.def Info: ./solutions/4/1/1/a/A4.png  used on input line 35.
(pdftex.def)             Requested size: 252.0pt x 166.73119pt.
)
(./solutions/4/1/1/c/solution.tex
Underfull \vbox (badness 1596) has occurred while \output is active []

 [33 <./solutions/3/4/11/Ellipse.png> <./solutions/4/1/1/a/A4.png>]
<./solutions/4/1/1/c/circle.png, id=1441, 462.528pt x 346.896pt>
File: ./solutions/4/1/1/c/circle.png Graphic file (type png)
<use ./solutions/4/1/1/c/circle.png>
Package pdftex.def Info: ./solutions/4/1/1/c/circle.png  used on input line 25.

(pdftex.def)             Requested size: 252.0pt x 189.00427pt.
)
(./solutions/4/1/2/solution.tex
Underfull \vbox (badness 10000) has occurred while \output is active []

<./solutions/4/1/2/Circle.png, id=1443, 389.455pt x 271.0125pt>
File: ./solutions/4/1/2/Circle.png Graphic file (type png)
<use ./solutions/4/1/2/Circle.png>
Package pdftex.def Info: ./solutions/4/1/2/Circle.png  used on input line 38.
(pdftex.def)             Requested size: 252.0pt x 175.35791pt.
)
(./solutions/4/1/3/solution.tex
Underfull \vbox (badness 10000) has occurred while \output is active []

 [34 <./solutions/4/1/1/c/circle.png>]
<./solutions/4/1/3/Circle.png, id=1474, 462.528pt x 346.896pt>
File: ./solutions/4/1/3/Circle.png Graphic file (type png)
<use ./solutions/4/1/3/Circle.png>
Package pdftex.def Info: ./solutions/4/1/3/Circle.png  used on input line 20.
(pdftex.def)             Requested size: 252.0pt x 189.00427pt.

Underfull \vbox (badness 10000) has occurred while \output is active []

)
(./solutions/4/1/4/solution.tex
Underfull \vbox (badness 10000) has occurred while \output is active []

 [35 <./solutions/4/1/2/Circle.png> <./solutions/4/1/3/Circle.png>]
<./solutions/4/1/4/5.png, id=1504, 397.485pt x 263.98625pt>
File: ./solutions/4/1/4/5.png Graphic file (type png)
<use ./solutions/4/1/4/5.png>
Package pdftex.def Info: ./solutions/4/1/4/5.png  used on input line 38.
(pdftex.def)             Requested size: 252.0pt x 167.36757pt.
)
(./solutions/4/1/5/solution.tex
Underfull \vbox (badness 10000) has occurred while \output is active []


Underfull \vbox (badness 10000) has occurred while \output is active []

 [36 <./solutions/4/1/4/5.png>]
<./solutions/4/1/5/circle.png, id=1534, 462.528pt x 346.896pt>
File: ./solutions/4/1/5/circle.png Graphic file (type png)
<use ./solutions/4/1/5/circle.png>
Package pdftex.def Info: ./solutions/4/1/5/circle.png  used on input line 38.
(pdftex.def)             Requested size: 252.0pt x 189.00427pt.
)) (./chapters/4/4.2.tex (./solutions/4/2/1/solution.tex
<./solutions/4/2/1/assign4.png, id=1537, 462.528pt x 346.896pt>
File: ./solutions/4/2/1/assign4.png Graphic file (type png)
<use ./solutions/4/2/1/assign4.png>
Package pdftex.def Info: ./solutions/4/2/1/assign4.png  used on input line 41.
(pdftex.def)             Requested size: 252.0pt x 189.00427pt.
)
Underfull \vbox (badness 10000) has occurred while \output is active []

 [37 <./solutions/4/1/5/circle.png> <./solutions/4/2/1/assign4.png>]
(./solutions/4/2/2/solution.tex
Underfull \vbox (badness 10000) has occurred while \output is active []



LaTeX Font Warning: Command \small invalid in math mode on input line 80.


LaTeX Font Warning: Command \small invalid in math mode on input line 80.


Underfull \vbox (badness 10000) has occurred while \output is active []

 [38]
<./solutions/4/2/2/figure.png, id=1603, 387.4475pt x 262.9825pt>
File: ./solutions/4/2/2/figure.png Graphic file (type png)
<use ./solutions/4/2/2/figure.png>
Package pdftex.def Info: ./solutions/4/2/2/figure.png  used on input line 119.
(pdftex.def)             Requested size: 252.0pt x 171.04893pt.
)
(./solutions/4/2/3/solution.tex
Underfull \vbox (badness 1668) has occurred while \output is active []


Underfull \vbox (badness 10000) has occurred while \output is active []

 [39 <./solutions/4/2/2/figure.png>]
<./solutions/4/2/3/assignment_5_fig.png, id=1642, 462.528pt x 344.0052pt>
File: ./solutions/4/2/3/assignment_5_fig.png Graphic file (type png)
<use ./solutions/4/2/3/assignment_5_fig.png>
Package pdftex.def Info: ./solutions/4/2/3/assignment_5_fig.png  used on input 
line 73.
(pdftex.def)             Requested size: 252.0pt x 187.42924pt.
) (./solutions/4/2/4/solution.tex
Underfull \vbox (badness 10000) has occurred while \output is active []

 [40 <./solutions/4/2/3/assignment_5_fig.png>]

LaTeX Warning: No positions in optional float specifier.
               Default added (so using `!tbp') on input line 57.

<./solutions/4/2/4/CircleTangent.jpg, id=1683, 433.62pt x 289.08pt>
File: ./solutions/4/2/4/CircleTangent.jpg Graphic file (type jpg)
<use ./solutions/4/2/4/CircleTangent.jpg>
Package pdftex.def Info: ./solutions/4/2/4/CircleTangent.jpg  used on input lin
e 58.
(pdftex.def)             Requested size: 252.0pt x 168.00174pt.
) (./solutions/4/2/5/solution.tex
Underfull \vbox (badness 10000) has occurred while \output is active []


Underfull \hbox (badness 2134) in paragraph at lines 11--14
\OT1/txr/m/n/12 Substituting [] in [], we rewrite
 []

<./solutions/4/2/5/circle new.png, id=1690, 373.395pt x 248.93pt>
File: ./solutions/4/2/5/circle new.png Graphic file (type png)
<use ./solutions/4/2/5/circle new.png>
Package pdftex.def Info: ./solutions/4/2/5/circle new.png  used on input line 5
0.
(pdftex.def)             Requested size: 252.0pt x 168.0015pt.
)

LaTeX Warning: `!h' float specifier changed to `!ht'.

(./solutions/4/2/6/solution.tex
Underfull \vbox (badness 10000) has occurred while \output is active []

 [41 <./solutions/4/2/4/CircleTangent.jpg>]
Underfull \vbox (badness 10000) has occurred while \output is active []


Underfull \hbox (badness 10000) in paragraph at lines 107--109

 []


Underfull \vbox (badness 10000) has occurred while \output is active []

 [42 <./solutions/4/2/5/circle new.png>]
<./solutions/4/2/6/Circle.png, id=1757, 462.528pt x 346.896pt>
File: ./solutions/4/2/6/Circle.png Graphic file (type png)
<use ./solutions/4/2/6/Circle.png>
Package pdftex.def Info: ./solutions/4/2/6/Circle.png  used on input line 185.
(pdftex.def)             Requested size: 252.0pt x 189.00427pt.

Underfull \vbox (badness 10000) has occurred while \output is active []

)
(./solutions/4/2/7/solution.tex
Underfull \vbox (badness 10000) has occurred while \output is active []

 [43 <./solutions/4/2/6/Circle.png>]
Underfull \vbox (badness 10000) has occurred while \output is active []

<./solutions/4/2/7/circle.png, id=1791, 392.46625pt x 266.9975pt>
File: ./solutions/4/2/7/circle.png Graphic file (type png)
<use ./solutions/4/2/7/circle.png>
Package pdftex.def Info: ./solutions/4/2/7/circle.png  used on input line 62.
(pdftex.def)             Requested size: 252.0pt x 171.44002pt.
)
(./solutions/4/2/8/solution.tex [44 <./solutions/4/2/7/circle.png>]
Underfull \vbox (badness 10000) has occurred while \output is active []


Underfull \hbox (badness 10000) in paragraph at lines 73--75

 []


Underfull \hbox (badness 10000) in paragraph at lines 82--84

 []


LaTeX Warning: No positions in optional float specifier.
               Default added (so using `tbp') on input line 88.

<./solutions/4/2/8/Figure_1.png, id=1830, 462.528pt x 346.896pt>
File: ./solutions/4/2/8/Figure_1.png Graphic file (type png)
<use ./solutions/4/2/8/Figure_1.png>
Package pdftex.def Info: ./solutions/4/2/8/Figure_1.png  used on input line 90.

(pdftex.def)             Requested size: 252.0pt x 189.00427pt.
) (./solutions/4/2/9/solution.tex
Underfull \vbox (badness 10000) has occurred while \output is active []

 [45]
Underfull \vbox (badness 1259) has occurred while \output is active []


Underfull \vbox (badness 10000) has occurred while \output is active []

 [46 <./solutions/4/2/8/Figure_1.png>]
<./solutions/4/2/9/Codes/A4.png, id=1890, 578.16pt x 578.16pt>
File: ./solutions/4/2/9/Codes/A4.png Graphic file (type png)
<use ./solutions/4/2/9/Codes/A4.png>
Package pdftex.def Info: ./solutions/4/2/9/Codes/A4.png  used on input line 124
.
(pdftex.def)             Requested size: 252.0pt x 252.00041pt.
)
Underfull \vbox (badness 3058) has occurred while \output is active []


(./solutions/4/2/11/solution.tex
Underfull \vbox (badness 10000) has occurred while \output is active []

 [47 <./solutions/4/2/9/Codes/A4.png>]
Underfull \vbox (badness 10000) has occurred while \output is active []

<./solutions/4/2/11/Figure.png, id=1940, 394.47375pt x 262.9825pt>
File: ./solutions/4/2/11/Figure.png Graphic file (type png)
<use ./solutions/4/2/11/Figure.png>
Package pdftex.def Info: ./solutions/4/2/11/Figure.png  used on input line 98.
(pdftex.def)             Requested size: 252.0pt x 167.99922pt.
) [48 <./solutions/4/2/11/Figure.png>] (./solutions/4/2/18/Assignment3.tex
Underfull \vbox (badness 10000) has occurred while \output is active []

<solutions/4/2/18/Figures/Fig1.png, id=1974, 372.39125pt x 248.93pt>
File: solutions/4/2/18/Figures/Fig1.png Graphic file (type png)
<use solutions/4/2/18/Figures/Fig1.png>
Package pdftex.def Info: solutions/4/2/18/Figures/Fig1.png  used on input line 
32.
(pdftex.def)             Requested size: 252.0pt x 168.4573pt.
)
Underfull \vbox (badness 8056) has occurred while \output is active []

 [49 <./solutions/4/2/18/Figures/Fig1.png>] (./solutions/4/2/21/main.tex
Underfull \vbox (badness 10000) has occurred while \output is active []

<solutions/4/2/21/figures/example_figure.png, id=2014, 1146.2825pt x 777.90625p
t>
File: solutions/4/2/21/figures/example_figure.png Graphic file (type png)
<use solutions/4/2/21/figures/example_figure.png>
Package pdftex.def Info: solutions/4/2/21/figures/example_figure.png  used on i
nput line 42.
(pdftex.def)             Requested size: 252.0pt x 171.00932pt.
))
(./chapters/4/4.3.tex [50 <./solutions/4/2/21/figures/example_figure.png>])
(./chapters/4/4.4.tex
Underfull \vbox (badness 2600) has occurred while \output is active []


(./solutions/4/4/4/a/Assignment3.tex
<solutions/4/4/4/a/figures/Assignment3.png, id=2049, 401.5pt x 262.9825pt>
File: solutions/4/4/4/a/figures/Assignment3.png Graphic file (type png)
<use solutions/4/4/4/a/figures/Assignment3.png>
Package pdftex.def Info: solutions/4/4/4/a/figures/Assignment3.png  used on inp
ut line 16.
(pdftex.def)             Requested size: 252.0pt x 165.06589pt.
)
Underfull \vbox (badness 10000) has occurred while \output is active []

 [51 <./solutions/4/4/4/a/figures/Assignment3.png>]
Underfull \vbox (badness 10000) has occurred while \output is active []

)
(./chapters/4/4.5.tex
Underfull \vbox (badness 1701) has occurred while \output is active []

 [52]
Underfull \vbox (badness 10000) has occurred while \output is active []


Underfull \vbox (badness 10000) has occurred while \output is active []

 [53]
Underfull \vbox (badness 10000) has occurred while \output is active []

)
(./chapters/5/5.1.tex

LaTeX Warning: File `./figs/parabola.eps' not found on input line 5.

Package epstopdf Info: Source file: <./figs/parabola.eps>
(epstopdf)             Output file: <./figs/parabola-eps-converted-to.pdf>
(epstopdf)                    date: 2021-08-20 04:14:06
(epstopdf)                    size: 315016 bytes
(epstopdf)             Command: <repstopdf --outfile=./figs/parabola-eps-conver
ted-to.pdf ./figs/parabola.eps>
(epstopdf)             \includegraphics on input line 5.
Package epstopdf Info: Output file is already uptodate.
<./figs/parabola-eps-converted-to.pdf, id=2167, 1044.90375pt x 1304.875pt>
File: ./figs/parabola-eps-converted-to.pdf Graphic file (type pdf)
<use ./figs/parabola-eps-converted-to.pdf>
Package pdftex.def Info: ./figs/parabola-eps-converted-to.pdf  used on input li
ne 5.
(pdftex.def)             Requested size: 1044.9012pt x 1304.87183pt.

LaTeX Warning: `!h' float specifier changed to `!ht'.

[54]
Underfull \vbox (badness 10000) has occurred while \output is active []


Underfull \vbox (badness 10000) has occurred while \output is active []

 [55 <./figs/parabola-eps-converted-to.pdf>]) (./chapters/5/5.2.tex
Underfull \vbox (badness 10000) has occurred while \output is active []

 [56]
Underfull \vbox (badness 10000) has occurred while \output is active []


Underfull \vbox (badness 10000) has occurred while \output is active []

 [57]
Underfull \vbox (badness 10000) has occurred while \output is active []

)
(./chapters/6/6.1.tex
Underfull \vbox (badness 1221) has occurred while \output is active []

 [58]
Underfull \vbox (badness 10000) has occurred while \output is active []

)
(./chapters/6/6.2.tex [59]) (./chapters/6/6.3.tex) (./chapters/6/6.4.tex
Underfull \vbox (badness 2941) has occurred while \output is active []

 [60]
Underfull \vbox (badness 10000) has occurred while \output is active []


Underfull \vbox (badness 10000) has occurred while \output is active []

 [61]
Underfull \vbox (badness 10000) has occurred while \output is active []


Underfull \vbox (badness 10000) has occurred while \output is active []

 [62])
(./chapters/7/7.1.tex
Underfull \vbox (badness 10000) has occurred while \output is active []

 [63]
Underfull \hbox (badness 10000) in paragraph at lines 79--82
[]\OT1/txr/m/n/12 Prove that, if $[]$ and
 []


Underfull \hbox (badness 7486) in paragraph at lines 79--82
[]$ \OT1/txr/m/n/12 are two points on the
 []


Underfull \vbox (badness 10000) has occurred while \output is active []

)
(./chapters/8/8.1.tex [64]) (./chapters/9/9.1.tex
Underfull \vbox (badness 10000) has occurred while \output is active []

 [65]
Underfull \hbox (badness 4441) in paragraph at lines 48--51
[]\OT1/txr/m/n/12 Find the sep-a-rate equa-tions of the two
 []

) (./chapters/9/9.2.tex
Underfull \hbox (badness 5787) in paragraph at lines 31--33
[]\OT1/txr/m/n/12 Find the gra-di-ents of the curve $\OML/txmi/m/it/12 y \OT1/t
xr/m/n/12 =
 []


Underfull \vbox (badness 10000) has occurred while \output is active []

 [66])
(./chapters/9/9.3.tex
Underfull \vbox (badness 10000) has occurred while \output is active []

 [67])
(./chapters/9/9.4.tex
Underfull \vbox (badness 10000) has occurred while \output is active []

 [68]
Underfull \hbox (badness 1681) in paragraph at lines 58--60
[]\OT1/txr/m/n/12 Prove that the tan-gents and nor-mal to a
 []

) (./chapters/9/9.5.tex
Underfull \hbox (badness 10000) in paragraph at lines 11--14
[]\OT1/txr/m/n/12 Show that the dis-tance of the point
 []


Underfull \hbox (badness 3281) in paragraph at lines 11--14
[]$ \OT1/txr/m/n/12 from the fo-cus $[]$ of
 []


Underfull \hbox (badness 1584) in paragraph at lines 14--17
[]\OT1/txr/m/n/12 Prove that if the nor-mals at $\OML/txmi/m/it/12 P []$ \OT1/t
xr/m/n/12 and
 []


Underfull \vbox (badness 10000) has occurred while \output is active []

 [69]
Underfull \vbox (badness 10000) has occurred while \output is active []

)
(./chapters/9/9.6.tex [70]
Underfull \vbox (badness 10000) has occurred while \output is active []

) [71]
(./gvv_ramsey.aux)
Package rerunfilecheck Info: File `gvv_ramsey.out' has not changed.
(rerunfilecheck)             Checksum: 4CE4D170571FD6F9034F588657EED277;4723.
 ) 
Here is how much of TeX's memory you used:
 46754 strings out of 478994
 1029642 string characters out of 5864752
 1748431 words of memory out of 5000000
 61164 multiletter control sequences out of 15000+600000
 482612 words of font info for 192 fonts, out of 8000000 for 9000
 1144 hyphenation exceptions out of 8191
 113i,29n,116p,502b,737s stack positions out of 5000i,500n,10000p,200000b,80000s
{/usr/share/texmf-dist/fonts/enc/dvips/base/8r.enc}</usr/share/texmf-dist/fon
ts/type1/public/txfonts/rtxb.pfb></usr/share/texmf-dist/fonts/type1/public/txfo
nts/rtxi.pfb></usr/share/texmf-dist/fonts/type1/public/txfonts/rtxmi.pfb></usr/
share/texmf-dist/fonts/type1/public/txfonts/rtxr.pfb></usr/share/texmf-dist/fon
ts/type1/public/txfonts/rtxsc.pfb></usr/share/texmf-dist/fonts/type1/public/txf
onts/txex.pfb></usr/share/texmf-dist/fonts/type1/public/txfonts/txsy.pfb></usr/
share/texmf-dist/fonts/type1/public/txfonts/txsya.pfb></usr/share/texmf-dist/fo
nts/type1/public/txfonts/txsyb.pfb></usr/share/texmf-dist/fonts/type1/urw/times
/utmb8a.pfb></usr/share/texmf-dist/fonts/type1/urw/times/utmr8a.pfb></usr/share
/texmf-dist/fonts/type1/urw/times/utmri8a.pfb>
Output written on gvv_ramsey.pdf (71 pages, 2339395 bytes).
PDF statistics:
 3175 PDF objects out of 3580 (max. 8388607)
 2956 compressed objects within 30 object streams
 1961 named destinations out of 2073 (max. 500000)
 628 words of extra memory for PDF output out of 10000 (max. 10000000)

